2018-11-26 14:08:50 3570 [main] INFO  com.easybug.dao.UserDaoTest - Starting UserDaoTest on DESKTOP-72AN4UO with PID 7744 (started by tiger in E:\IdeaProject\easyBug\web) 
2018-11-26 14:08:50 3586 [main] INFO  com.easybug.dao.UserDaoTest - No active profile set, falling back to default profiles: default 
2018-11-26 14:08:53 6393 [MLog-Init-Reporter] INFO  com.mchange.v2.log.MLog - MLog clients using slf4j logging. 
2018-11-26 14:08:54 6699 [main] INFO  com.mchange.v2.c3p0.C3P0Registry - Initializing c3p0-0.9.5.2 [built 08-December-2015 22:06:04 -0800; debug? true; trace: 10] 
2018-11-26 14:08:56 9065 [main] INFO  o.s.s.c.ThreadPoolTaskScheduler - Initializing ExecutorService 'defaultSockJsTaskScheduler' 
2018-11-26 14:08:58 10656 [main] INFO  com.easybug.dao.UserDaoTest - Started UserDaoTest in 8.805 seconds (JVM running for 13.927) 
2018-11-26 14:08:59 11799 [main] INFO  c.m.v.c.i.AbstractPoolBackedDataSource - Initializing c3p0 pool... com.mchange.v2.c3p0.ComboPooledDataSource [ acquireIncrement -> 3, acquireRetryAttempts -> 30, acquireRetryDelay -> 1000, autoCommitOnClose -> false, automaticTestTable -> null, breakAfterAcquireFailure -> false, checkoutTimeout -> 0, connectionCustomizerClassName -> null, connectionTesterClassName -> com.mchange.v2.c3p0.impl.DefaultConnectionTester, contextClassLoaderSource -> caller, dataSourceName -> 1hge4u99zltgmt81cqcubs|265c5d69, debugUnreturnedConnectionStackTraces -> false, description -> null, driverClass -> com.mysql.cj.jdbc.Driver, extensions -> {}, factoryClassLocation -> null, forceIgnoreUnresolvedTransactions -> false, forceSynchronousCheckins -> false, forceUseNamedDriverClass -> false, identityToken -> 1hge4u99zltgmt81cqcubs|265c5d69, idleConnectionTestPeriod -> 0, initialPoolSize -> 3, jdbcUrl -> jdbc:mysql://localhost:3306/easybug?useUnicode=true&serverTimezone=GMT%2B8&characterEncoding=utf8&useSSL=false, maxAdministrativeTaskTime -> 0, maxConnectionAge -> 0, maxIdleTime -> 0, maxIdleTimeExcessConnections -> 0, maxPoolSize -> 15, maxStatements -> 0, maxStatementsPerConnection -> 0, minPoolSize -> 3, numHelperThreads -> 3, preferredTestQuery -> null, privilegeSpawnedThreads -> false, properties -> {user=******, password=******}, propertyCycle -> 0, statementCacheNumDeferredCloseThreads -> 0, testConnectionOnCheckin -> false, testConnectionOnCheckout -> false, unreturnedConnectionTimeout -> 0, userOverrides -> {}, usesTraditionalReflectiveProxies -> false ] 
2018-11-26 14:09:00 13017 [Thread-3] INFO  o.s.s.c.ThreadPoolTaskScheduler - Shutting down ExecutorService 'defaultSockJsTaskScheduler' 
2018-11-26 14:11:11 2635 [main] INFO  com.easybug.dao.UserDaoTest - Starting UserDaoTest on DESKTOP-72AN4UO with PID 13084 (started by tiger in E:\IdeaProject\easyBug\web) 
2018-11-26 14:11:11 2641 [main] INFO  com.easybug.dao.UserDaoTest - No active profile set, falling back to default profiles: default 
2018-11-26 14:11:13 5338 [MLog-Init-Reporter] INFO  com.mchange.v2.log.MLog - MLog clients using slf4j logging. 
2018-11-26 14:11:14 5695 [main] INFO  com.mchange.v2.c3p0.C3P0Registry - Initializing c3p0-0.9.5.2 [built 08-December-2015 22:06:04 -0800; debug? true; trace: 10] 
2018-11-26 14:11:15 6981 [main] INFO  o.s.s.c.ThreadPoolTaskScheduler - Initializing ExecutorService 'defaultSockJsTaskScheduler' 
2018-11-26 14:11:16 8166 [main] INFO  com.easybug.dao.UserDaoTest - Started UserDaoTest in 6.934 seconds (JVM running for 8.862) 
2018-11-26 14:11:16 8509 [main] INFO  c.m.v.c.i.AbstractPoolBackedDataSource - Initializing c3p0 pool... com.mchange.v2.c3p0.ComboPooledDataSource [ acquireIncrement -> 3, acquireRetryAttempts -> 30, acquireRetryDelay -> 1000, autoCommitOnClose -> false, automaticTestTable -> null, breakAfterAcquireFailure -> false, checkoutTimeout -> 0, connectionCustomizerClassName -> null, connectionTesterClassName -> com.mchange.v2.c3p0.impl.DefaultConnectionTester, contextClassLoaderSource -> caller, dataSourceName -> 1hge4u99zltjmuf1exh395|1bd81830, debugUnreturnedConnectionStackTraces -> false, description -> null, driverClass -> com.mysql.cj.jdbc.Driver, extensions -> {}, factoryClassLocation -> null, forceIgnoreUnresolvedTransactions -> false, forceSynchronousCheckins -> false, forceUseNamedDriverClass -> false, identityToken -> 1hge4u99zltjmuf1exh395|1bd81830, idleConnectionTestPeriod -> 0, initialPoolSize -> 3, jdbcUrl -> jdbc:mysql://localhost:3306/easybug?useUnicode=true&serverTimezone=GMT%2B8&characterEncoding=utf8&useSSL=false, maxAdministrativeTaskTime -> 0, maxConnectionAge -> 0, maxIdleTime -> 0, maxIdleTimeExcessConnections -> 0, maxPoolSize -> 15, maxStatements -> 0, maxStatementsPerConnection -> 0, minPoolSize -> 3, numHelperThreads -> 3, preferredTestQuery -> null, privilegeSpawnedThreads -> false, properties -> {user=******, password=******}, propertyCycle -> 0, statementCacheNumDeferredCloseThreads -> 0, testConnectionOnCheckin -> false, testConnectionOnCheckout -> false, unreturnedConnectionTimeout -> 0, userOverrides -> {}, usesTraditionalReflectiveProxies -> false ] 
2018-11-26 14:11:17 9026 [Thread-3] INFO  o.s.s.c.ThreadPoolTaskScheduler - Shutting down ExecutorService 'defaultSockJsTaskScheduler' 
2018-11-26 14:12:27 2208 [main] INFO  com.easybug.dao.UserDaoTest - Starting UserDaoTest on DESKTOP-72AN4UO with PID 12416 (started by tiger in E:\IdeaProject\easyBug\web) 
2018-11-26 14:12:27 2215 [main] INFO  com.easybug.dao.UserDaoTest - No active profile set, falling back to default profiles: default 
2018-11-26 14:12:30 5441 [MLog-Init-Reporter] INFO  com.mchange.v2.log.MLog - MLog clients using slf4j logging. 
2018-11-26 14:12:31 5704 [main] INFO  com.mchange.v2.c3p0.C3P0Registry - Initializing c3p0-0.9.5.2 [built 08-December-2015 22:06:04 -0800; debug? true; trace: 10] 
2018-11-26 14:12:32 6860 [main] INFO  o.s.s.c.ThreadPoolTaskScheduler - Initializing ExecutorService 'defaultSockJsTaskScheduler' 
2018-11-26 14:12:33 8082 [main] INFO  com.easybug.dao.UserDaoTest - Started UserDaoTest in 7.029 seconds (JVM running for 8.743) 
2018-11-26 14:12:33 8394 [main] INFO  c.m.v.c.i.AbstractPoolBackedDataSource - Initializing c3p0 pool... com.mchange.v2.c3p0.ComboPooledDataSource [ acquireIncrement -> 3, acquireRetryAttempts -> 30, acquireRetryDelay -> 1000, autoCommitOnClose -> false, automaticTestTable -> null, breakAfterAcquireFailure -> false, checkoutTimeout -> 0, connectionCustomizerClassName -> null, connectionTesterClassName -> com.mchange.v2.c3p0.impl.DefaultConnectionTester, contextClassLoaderSource -> caller, dataSourceName -> 1hge4u99zltla6rqpv1an|26a529dc, debugUnreturnedConnectionStackTraces -> false, description -> null, driverClass -> com.mysql.cj.jdbc.Driver, extensions -> {}, factoryClassLocation -> null, forceIgnoreUnresolvedTransactions -> false, forceSynchronousCheckins -> false, forceUseNamedDriverClass -> false, identityToken -> 1hge4u99zltla6rqpv1an|26a529dc, idleConnectionTestPeriod -> 0, initialPoolSize -> 3, jdbcUrl -> jdbc:mysql://localhost:3306/easybug?useUnicode=true&serverTimezone=GMT%2B8&characterEncoding=utf8&useSSL=false, maxAdministrativeTaskTime -> 0, maxConnectionAge -> 0, maxIdleTime -> 0, maxIdleTimeExcessConnections -> 0, maxPoolSize -> 15, maxStatements -> 0, maxStatementsPerConnection -> 0, minPoolSize -> 3, numHelperThreads -> 3, preferredTestQuery -> null, privilegeSpawnedThreads -> false, properties -> {user=******, password=******}, propertyCycle -> 0, statementCacheNumDeferredCloseThreads -> 0, testConnectionOnCheckin -> false, testConnectionOnCheckout -> false, unreturnedConnectionTimeout -> 0, userOverrides -> {}, usesTraditionalReflectiveProxies -> false ] 
2018-11-26 14:12:34 8970 [Thread-3] INFO  o.s.s.c.ThreadPoolTaskScheduler - Shutting down ExecutorService 'defaultSockJsTaskScheduler' 
2018-11-26 14:13:21 2450 [main] INFO  com.easybug.dao.UserDaoTest - Starting UserDaoTest on DESKTOP-72AN4UO with PID 5496 (started by tiger in E:\IdeaProject\easyBug\web) 
2018-11-26 14:13:21 2462 [main] INFO  com.easybug.dao.UserDaoTest - No active profile set, falling back to default profiles: default 
2018-11-26 14:13:24 5720 [MLog-Init-Reporter] INFO  com.mchange.v2.log.MLog - MLog clients using slf4j logging. 
2018-11-26 14:13:24 5974 [main] INFO  com.mchange.v2.c3p0.C3P0Registry - Initializing c3p0-0.9.5.2 [built 08-December-2015 22:06:04 -0800; debug? true; trace: 10] 
2018-11-26 14:13:26 7367 [main] INFO  o.s.s.c.ThreadPoolTaskScheduler - Initializing ExecutorService 'defaultSockJsTaskScheduler' 
2018-11-26 14:13:27 8806 [main] INFO  com.easybug.dao.UserDaoTest - Started UserDaoTest in 7.586 seconds (JVM running for 9.5) 
2018-11-26 14:13:27 9192 [main] INFO  c.m.v.c.i.AbstractPoolBackedDataSource - Initializing c3p0 pool... com.mchange.v2.c3p0.ComboPooledDataSource [ acquireIncrement -> 3, acquireRetryAttempts -> 30, acquireRetryDelay -> 1000, autoCommitOnClose -> false, automaticTestTable -> null, breakAfterAcquireFailure -> false, checkoutTimeout -> 0, connectionCustomizerClassName -> null, connectionTesterClassName -> com.mchange.v2.c3p0.impl.DefaultConnectionTester, contextClassLoaderSource -> caller, dataSourceName -> 1hge4u99zltmfk28594e0|32639b12, debugUnreturnedConnectionStackTraces -> false, description -> null, driverClass -> com.mysql.cj.jdbc.Driver, extensions -> {}, factoryClassLocation -> null, forceIgnoreUnresolvedTransactions -> false, forceSynchronousCheckins -> false, forceUseNamedDriverClass -> false, identityToken -> 1hge4u99zltmfk28594e0|32639b12, idleConnectionTestPeriod -> 0, initialPoolSize -> 3, jdbcUrl -> jdbc:mysql://localhost:3306/hifriends?useUnicode=true&serverTimezone=GMT%2B8&characterEncoding=utf8&useSSL=false, maxAdministrativeTaskTime -> 0, maxConnectionAge -> 0, maxIdleTime -> 0, maxIdleTimeExcessConnections -> 0, maxPoolSize -> 15, maxStatements -> 0, maxStatementsPerConnection -> 0, minPoolSize -> 3, numHelperThreads -> 3, preferredTestQuery -> null, privilegeSpawnedThreads -> false, properties -> {user=******, password=******}, propertyCycle -> 0, statementCacheNumDeferredCloseThreads -> 0, testConnectionOnCheckin -> false, testConnectionOnCheckout -> false, unreturnedConnectionTimeout -> 0, userOverrides -> {}, usesTraditionalReflectiveProxies -> false ] 
2018-11-26 14:13:28 9742 [Thread-3] INFO  o.s.s.c.ThreadPoolTaskScheduler - Shutting down ExecutorService 'defaultSockJsTaskScheduler' 
2018-11-26 16:10:23 3149 [main] INFO  com.easybug.dao.UserDaoTest - Starting UserDaoTest on DESKTOP-72AN4UO with PID 10404 (started by tiger in E:\IdeaProject\easyBug\web) 
2018-11-26 16:10:23 3156 [main] INFO  com.easybug.dao.UserDaoTest - No active profile set, falling back to default profiles: default 
2018-11-26 16:10:26 5822 [main] INFO  o.s.d.r.c.RepositoryConfigurationDelegate - Multiple Spring Data modules found, entering strict repository configuration mode! 
2018-11-26 16:10:26 5822 [main] INFO  o.s.d.r.c.RepositoryConfigurationDelegate - Bootstrapping Spring Data repositories in DEFAULT mode. 
2018-11-26 16:10:26 5888 [main] INFO  o.s.d.r.c.RepositoryConfigurationDelegate - Finished Spring Data repository scanning in 50ms. Found 0 repository interfaces. 
2018-11-26 16:10:27 6783 [main] INFO  o.s.c.s.PostProcessorRegistrationDelegate$BeanPostProcessorChecker - Bean 'springShiroConfig' of type [com.easybug.config.SpringShiroConfig$$EnhancerBySpringCGLIB$$a3cc5ebc] is not eligible for getting processed by all BeanPostProcessors (for example: not eligible for auto-proxying) 
2018-11-26 16:10:32 11922 [main] INFO  o.s.c.s.PostProcessorRegistrationDelegate$BeanPostProcessorChecker - Bean 'dataSourceConfiguration' of type [com.easybug.config.DataSourceConfiguration$$EnhancerBySpringCGLIB$$4a4d73a7] is not eligible for getting processed by all BeanPostProcessors (for example: not eligible for auto-proxying) 
2018-11-26 16:10:32 12096 [MLog-Init-Reporter] INFO  com.mchange.v2.log.MLog - MLog clients using slf4j logging. 
2018-11-26 16:10:32 12140 [main] INFO  com.mchange.v2.c3p0.C3P0Registry - Initializing c3p0-0.9.5.2 [built 08-December-2015 22:06:04 -0800; debug? true; trace: 10] 
2018-11-26 16:10:32 12243 [main] INFO  o.s.c.s.PostProcessorRegistrationDelegate$BeanPostProcessorChecker - Bean 'dataSource' of type [com.mchange.v2.c3p0.ComboPooledDataSource] is not eligible for getting processed by all BeanPostProcessors (for example: not eligible for auto-proxying) 
2018-11-26 16:10:32 12259 [main] INFO  o.s.c.s.PostProcessorRegistrationDelegate$BeanPostProcessorChecker - Bean 'sessionFactoryConfiguration' of type [com.easybug.config.SessionFactoryConfiguration$$EnhancerBySpringCGLIB$$1bd7e578] is not eligible for getting processed by all BeanPostProcessors (for example: not eligible for auto-proxying) 
2018-11-26 16:10:33 12640 [main] INFO  o.s.c.s.PostProcessorRegistrationDelegate$BeanPostProcessorChecker - Bean 'sqlSessionFactory' of type [org.mybatis.spring.SqlSessionFactoryBean] is not eligible for getting processed by all BeanPostProcessors (for example: not eligible for auto-proxying) 
2018-11-26 16:10:33 12640 [main] INFO  o.s.c.s.PostProcessorRegistrationDelegate$BeanPostProcessorChecker - Bean 'sqlSessionFactory' of type [org.apache.ibatis.session.defaults.DefaultSqlSessionFactory] is not eligible for getting processed by all BeanPostProcessors (for example: not eligible for auto-proxying) 
2018-11-26 16:10:33 12660 [main] INFO  o.s.c.s.PostProcessorRegistrationDelegate$BeanPostProcessorChecker - Bean 'mybatis-org.mybatis.spring.boot.autoconfigure.MybatisProperties' of type [org.mybatis.spring.boot.autoconfigure.MybatisProperties] is not eligible for getting processed by all BeanPostProcessors (for example: not eligible for auto-proxying) 
2018-11-26 16:10:33 12691 [main] INFO  o.s.c.s.PostProcessorRegistrationDelegate$BeanPostProcessorChecker - Bean 'org.mybatis.spring.boot.autoconfigure.MybatisAutoConfiguration' of type [org.mybatis.spring.boot.autoconfigure.MybatisAutoConfiguration$$EnhancerBySpringCGLIB$$fd7034a4] is not eligible for getting processed by all BeanPostProcessors (for example: not eligible for auto-proxying) 
2018-11-26 16:10:33 12748 [main] INFO  o.s.c.s.PostProcessorRegistrationDelegate$BeanPostProcessorChecker - Bean 'sqlSessionTemplate' of type [org.mybatis.spring.SqlSessionTemplate] is not eligible for getting processed by all BeanPostProcessors (for example: not eligible for auto-proxying) 
2018-11-26 16:10:33 12751 [main] INFO  o.s.c.s.PostProcessorRegistrationDelegate$BeanPostProcessorChecker - Bean 'userDao' of type [org.mybatis.spring.mapper.MapperFactoryBean] is not eligible for getting processed by all BeanPostProcessors (for example: not eligible for auto-proxying) 
2018-11-26 16:10:33 12755 [main] INFO  o.s.c.s.PostProcessorRegistrationDelegate$BeanPostProcessorChecker - Bean 'userDao' of type [com.sun.proxy.$Proxy72] is not eligible for getting processed by all BeanPostProcessors (for example: not eligible for auto-proxying) 
2018-11-26 16:10:33 12756 [main] INFO  o.s.c.s.PostProcessorRegistrationDelegate$BeanPostProcessorChecker - Bean 'loginImpl' of type [LoginImpl] is not eligible for getting processed by all BeanPostProcessors (for example: not eligible for auto-proxying)
2018-11-26 16:10:33 12756 [main] INFO  o.s.c.s.PostProcessorRegistrationDelegate$BeanPostProcessorChecker - Bean 'authRealm' of type [com.easybug.realm.AuthRealm] is not eligible for getting processed by all BeanPostProcessors (for example: not eligible for auto-proxying) 
2018-11-26 16:10:33 12794 [main] INFO  o.s.c.s.PostProcessorRegistrationDelegate$BeanPostProcessorChecker - Bean 'securityManager' of type [org.apache.shiro.web.mgt.DefaultWebSecurityManager] is not eligible for getting processed by all BeanPostProcessors (for example: not eligible for auto-proxying) 
2018-11-26 16:10:33 12945 [main] INFO  o.s.c.s.PostProcessorRegistrationDelegate$BeanPostProcessorChecker - Bean 'org.springframework.transaction.annotation.ProxyTransactionManagementConfiguration' of type [org.springframework.transaction.annotation.ProxyTransactionManagementConfiguration$$EnhancerBySpringCGLIB$$ca9be374] is not eligible for getting processed by all BeanPostProcessors (for example: not eligible for auto-proxying) 
2018-11-26 16:10:33 12980 [main] INFO  o.s.c.s.PostProcessorRegistrationDelegate$BeanPostProcessorChecker - Bean 'authorizationAttributeSourceAdvisor' of type [org.apache.shiro.spring.security.interceptor.AuthorizationAttributeSourceAdvisor] is not eligible for getting processed by all BeanPostProcessors (for example: not eligible for auto-proxying) 
2018-11-26 16:10:35 14958 [main] INFO  o.s.s.c.ThreadPoolTaskScheduler - Initializing ExecutorService 'defaultSockJsTaskScheduler' 
2018-11-26 16:10:38 18213 [main] INFO  com.easybug.dao.UserDaoTest - Started UserDaoTest in 16.662 seconds (JVM running for 19.584) 
2018-11-26 16:10:39 19233 [main] INFO  c.m.v.c.i.AbstractPoolBackedDataSource - Initializing c3p0 pool... com.mchange.v2.c3p0.ComboPooledDataSource [ acquireIncrement -> 3, acquireRetryAttempts -> 30, acquireRetryDelay -> 1000, autoCommitOnClose -> false, automaticTestTable -> null, breakAfterAcquireFailure -> false, checkoutTimeout -> 0, connectionCustomizerClassName -> null, connectionTesterClassName -> com.mchange.v2.c3p0.impl.DefaultConnectionTester, contextClassLoaderSource -> caller, dataSourceName -> 1hge4u99zlxt2la1q02qdp|2753316c, debugUnreturnedConnectionStackTraces -> false, description -> null, driverClass -> com.mysql.cj.jdbc.Driver, extensions -> {}, factoryClassLocation -> null, forceIgnoreUnresolvedTransactions -> false, forceSynchronousCheckins -> false, forceUseNamedDriverClass -> false, identityToken -> 1hge4u99zlxt2la1q02qdp|2753316c, idleConnectionTestPeriod -> 0, initialPoolSize -> 3, jdbcUrl -> jdbc:mysql://localhost:3306/hifriends?useUnicode=true&serverTimezone=GMT%2B8&characterEncoding=utf8&useSSL=false, maxAdministrativeTaskTime -> 0, maxConnectionAge -> 0, maxIdleTime -> 0, maxIdleTimeExcessConnections -> 0, maxPoolSize -> 15, maxStatements -> 0, maxStatementsPerConnection -> 0, minPoolSize -> 3, numHelperThreads -> 3, preferredTestQuery -> null, privilegeSpawnedThreads -> false, properties -> {user=******, password=******}, propertyCycle -> 0, statementCacheNumDeferredCloseThreads -> 0, testConnectionOnCheckin -> false, testConnectionOnCheckout -> false, unreturnedConnectionTimeout -> 0, userOverrides -> {}, usesTraditionalReflectiveProxies -> false ] 
2018-11-26 16:10:40 20054 [Thread-3] INFO  o.s.s.c.ThreadPoolTaskScheduler - Shutting down ExecutorService 'defaultSockJsTaskScheduler' 
2018-11-26 21:48:20 8890 [main] INFO  com.easybug.dao.UserDaoTest - Starting UserDaoTest on DESKTOP-72AN4UO with PID 16352 (started by tiger in E:\IdeaProject\easyBug\web) 
2018-11-26 21:48:20 8921 [main] INFO  com.easybug.dao.UserDaoTest - No active profile set, falling back to default profiles: default 
2018-11-26 21:48:22 11124 [main] INFO  o.s.d.r.c.RepositoryConfigurationDelegate - Multiple Spring Data modules found, entering strict repository configuration mode! 
2018-11-26 21:48:22 11140 [main] INFO  o.s.d.r.c.RepositoryConfigurationDelegate - Bootstrapping Spring Data repositories in DEFAULT mode. 
2018-11-26 21:48:23 11218 [main] INFO  o.s.d.r.c.RepositoryConfigurationDelegate - Finished Spring Data repository scanning in 62ms. Found 0 repository interfaces. 
2018-11-26 21:48:24 13062 [main] INFO  o.s.c.s.PostProcessorRegistrationDelegate$BeanPostProcessorChecker - Bean 'org.springframework.transaction.annotation.ProxyTransactionManagementConfiguration' of type [org.springframework.transaction.annotation.ProxyTransactionManagementConfiguration$$EnhancerBySpringCGLIB$$5e927de] is not eligible for getting processed by all BeanPostProcessors (for example: not eligible for auto-proxying) 
2018-11-26 21:48:25 13390 [MLog-Init-Reporter] INFO  com.mchange.v2.log.MLog - MLog clients using slf4j logging. 
2018-11-26 21:48:25 13874 [main] INFO  com.mchange.v2.c3p0.C3P0Registry - Initializing c3p0-0.9.5.2 [built 08-December-2015 22:06:04 -0800; debug? true; trace: 10] 
2018-11-26 21:48:27 15905 [main] INFO  o.s.s.c.ThreadPoolTaskScheduler - Initializing ExecutorService 'defaultSockJsTaskScheduler' 
2018-11-26 21:48:31 19577 [main] INFO  com.easybug.dao.UserDaoTest - Started UserDaoTest in 12.734 seconds (JVM running for 21.929) 
2018-11-26 21:48:32 21077 [Thread-3] INFO  o.s.s.c.ThreadPoolTaskScheduler - Shutting down ExecutorService 'defaultSockJsTaskScheduler' 
