2018-11-23 14:31:10 1211 [restartedMain] INFO  com.easybug.web.WebApplication - Starting WebApplication on DESKTOP-72AN4UO with PID 11904 (E:\IdeaProject\easyBug\web\target\classes started by tiger in E:\IdeaProject\easyBug) 
2018-11-23 14:31:10 1222 [restartedMain] INFO  com.easybug.web.WebApplication - No active profile set, falling back to default profiles: default 
2018-11-23 14:31:10 1341 [restartedMain] INFO  o.s.b.d.e.DevToolsPropertyDefaultsPostProcessor - Devtools property defaults active! Set 'spring.devtools.add-properties' to 'false' to disable 
2018-11-23 14:31:10 1341 [restartedMain] INFO  o.s.b.d.e.DevToolsPropertyDefaultsPostProcessor - For additional web related logging consider setting the 'logging.level.web' property to 'DEBUG' 
2018-11-23 14:31:13 3892 [restartedMain] INFO  o.s.b.w.e.tomcat.TomcatWebServer - Tomcat initialized with port(s): 8080 (http) 
2018-11-23 14:31:13 3907 [restartedMain] INFO  o.a.coyote.http11.Http11NioProtocol - Initializing ProtocolHandler ["http-nio-8080"] 
2018-11-23 14:31:13 3914 [restartedMain] INFO  o.a.catalina.core.StandardService - Starting service [Tomcat] 
2018-11-23 14:31:13 3914 [restartedMain] INFO  o.a.catalina.core.StandardEngine - Starting Servlet Engine: Apache Tomcat/9.0.12 
2018-11-23 14:31:13 3926 [restartedMain] INFO  o.a.c.core.AprLifecycleListener - The APR based Apache Tomcat Native library which allows optimal performance in production environments was not found on the java.library.path: [D:\Java\Jdk1.8\bin;C:\WINDOWS\Sun\Java\bin;C:\WINDOWS\system32;C:\WINDOWS;D:\Java\Jdk1.8\bin;C:\Program Files (x86)\Common Files\Oracle\Java\javapath;C:\Perl64\site\bin;C:\Perl64\bin;C:\WINDOWS\system32;C:\WINDOWS;C:\WINDOWS\System32\Wbem;C:\WINDOWS\System32\WindowsPowerShell\v1.0\;C:\Program Files\MySQL\MySQL Server 5.5\bin;D:\TortoiseGit\bin;C:\Program Files\TortoiseSVN\bin;D:\Putty\;C:\Users\tiger\AppData\Local\Microsoft\WindowsApps;;.] 
2018-11-23 14:31:13 4063 [restartedMain] INFO  o.a.c.c.C.[Tomcat].[localhost].[/] - Initializing Spring embedded WebApplicationContext 
2018-11-23 14:31:13 4063 [restartedMain] INFO  o.s.web.context.ContextLoader - Root WebApplicationContext: initialization completed in 2722 ms 
2018-11-23 14:31:13 4102 [restartedMain] INFO  o.s.b.w.s.ServletRegistrationBean - Servlet dispatcherServlet mapped to [/] 
2018-11-23 14:31:13 4111 [restartedMain] INFO  o.s.b.w.s.FilterRegistrationBean - Mapping filter: 'characterEncodingFilter' to: [/*] 
2018-11-23 14:31:13 4111 [restartedMain] INFO  o.s.b.w.s.FilterRegistrationBean - Mapping filter: 'hiddenHttpMethodFilter' to: [/*] 
2018-11-23 14:31:13 4111 [restartedMain] INFO  o.s.b.w.s.FilterRegistrationBean - Mapping filter: 'formContentFilter' to: [/*] 
2018-11-23 14:31:13 4111 [restartedMain] INFO  o.s.b.w.s.FilterRegistrationBean - Mapping filter: 'requestContextFilter' to: [/*] 
2018-11-23 14:31:13 4178 [MLog-Init-Reporter] INFO  com.mchange.v2.log.MLog - MLog clients using slf4j logging. 
2018-11-23 14:31:13 4229 [restartedMain] INFO  com.mchange.v2.c3p0.C3P0Registry - Initializing c3p0-0.9.5.2 [built 08-December-2015 22:06:04 -0800; debug? true; trace: 10] 
2018-11-23 14:31:14 4873 [restartedMain] INFO  o.s.s.c.ThreadPoolTaskExecutor - Initializing ExecutorService 'applicationTaskExecutor' 
2018-11-23 14:31:14 5173 [restartedMain] INFO  o.s.b.d.a.OptionalLiveReloadServer - LiveReload server is running on port 35729 
2018-11-23 14:31:14 5229 [restartedMain] INFO  o.a.coyote.http11.Http11NioProtocol - Starting ProtocolHandler ["http-nio-8080"] 
2018-11-23 14:31:14 5245 [restartedMain] INFO  o.a.tomcat.util.net.NioSelectorPool - Using a shared selector for servlet write/read 
2018-11-23 14:31:14 5273 [restartedMain] INFO  o.s.b.w.e.tomcat.TomcatWebServer - Tomcat started on port(s): 8080 (http) with context path '' 
2018-11-23 14:31:14 5286 [restartedMain] INFO  com.easybug.web.WebApplication - Started WebApplication in 4.955 seconds (JVM running for 6.54) 
2018-11-23 15:20:28 1198 [restartedMain] INFO  com.easybug.WebApplication - Starting WebApplication on DESKTOP-72AN4UO with PID 12536 (E:\IdeaProject\easyBug\web\target\classes started by tiger in E:\IdeaProject\easyBug) 
2018-11-23 15:20:28 1202 [restartedMain] INFO  com.easybug.WebApplication - No active profile set, falling back to default profiles: default 
2018-11-23 15:20:28 1297 [restartedMain] INFO  o.s.b.d.e.DevToolsPropertyDefaultsPostProcessor - Devtools property defaults active! Set 'spring.devtools.add-properties' to 'false' to disable 
2018-11-23 15:20:28 1297 [restartedMain] INFO  o.s.b.d.e.DevToolsPropertyDefaultsPostProcessor - For additional web related logging consider setting the 'logging.level.web' property to 'DEBUG' 
2018-11-23 15:20:30 3349 [restartedMain] INFO  o.s.b.w.e.tomcat.TomcatWebServer - Tomcat initialized with port(s): 8080 (http) 
2018-11-23 15:20:30 3365 [restartedMain] INFO  o.a.coyote.http11.Http11NioProtocol - Initializing ProtocolHandler ["http-nio-8080"] 
2018-11-23 15:20:30 3371 [restartedMain] INFO  o.a.catalina.core.StandardService - Starting service [Tomcat] 
2018-11-23 15:20:30 3371 [restartedMain] INFO  o.a.catalina.core.StandardEngine - Starting Servlet Engine: Apache Tomcat/9.0.12 
2018-11-23 15:20:30 3380 [restartedMain] INFO  o.a.c.core.AprLifecycleListener - The APR based Apache Tomcat Native library which allows optimal performance in production environments was not found on the java.library.path: [D:\Java\Jdk1.8\bin;C:\WINDOWS\Sun\Java\bin;C:\WINDOWS\system32;C:\WINDOWS;D:\Java\Jdk1.8\bin;C:\Program Files (x86)\Common Files\Oracle\Java\javapath;C:\Perl64\site\bin;C:\Perl64\bin;C:\WINDOWS\system32;C:\WINDOWS;C:\WINDOWS\System32\Wbem;C:\WINDOWS\System32\WindowsPowerShell\v1.0\;C:\Program Files\MySQL\MySQL Server 5.5\bin;D:\TortoiseGit\bin;C:\Program Files\TortoiseSVN\bin;D:\Putty\;C:\Users\tiger\AppData\Local\Microsoft\WindowsApps;;.] 
2018-11-23 15:20:30 3501 [restartedMain] INFO  o.a.c.c.C.[Tomcat].[localhost].[/] - Initializing Spring embedded WebApplicationContext 
2018-11-23 15:20:30 3501 [restartedMain] INFO  o.s.web.context.ContextLoader - Root WebApplicationContext: initialization completed in 2204 ms 
2018-11-23 15:20:30 3529 [restartedMain] INFO  o.s.b.w.s.ServletRegistrationBean - Servlet dispatcherServlet mapped to [/] 
2018-11-23 15:20:30 3534 [restartedMain] INFO  o.s.b.w.s.FilterRegistrationBean - Mapping filter: 'characterEncodingFilter' to: [/*] 
2018-11-23 15:20:30 3534 [restartedMain] INFO  o.s.b.w.s.FilterRegistrationBean - Mapping filter: 'hiddenHttpMethodFilter' to: [/*] 
2018-11-23 15:20:30 3534 [restartedMain] INFO  o.s.b.w.s.FilterRegistrationBean - Mapping filter: 'formContentFilter' to: [/*] 
2018-11-23 15:20:30 3535 [restartedMain] INFO  o.s.b.w.s.FilterRegistrationBean - Mapping filter: 'requestContextFilter' to: [/*] 
2018-11-23 15:20:30 3611 [MLog-Init-Reporter] INFO  com.mchange.v2.log.MLog - MLog clients using slf4j logging. 
2018-11-23 15:20:31 3662 [restartedMain] INFO  com.mchange.v2.c3p0.C3P0Registry - Initializing c3p0-0.9.5.2 [built 08-December-2015 22:06:04 -0800; debug? true; trace: 10] 
2018-11-23 15:20:31 4215 [restartedMain] INFO  o.s.s.c.ThreadPoolTaskExecutor - Initializing ExecutorService 'applicationTaskExecutor' 
2018-11-23 15:20:31 4459 [restartedMain] INFO  o.s.b.d.a.OptionalLiveReloadServer - LiveReload server is running on port 35729 
2018-11-23 15:20:31 4489 [restartedMain] INFO  o.a.coyote.http11.Http11NioProtocol - Starting ProtocolHandler ["http-nio-8080"] 
2018-11-23 15:20:31 4501 [restartedMain] INFO  o.a.tomcat.util.net.NioSelectorPool - Using a shared selector for servlet write/read 
2018-11-23 15:20:31 4519 [restartedMain] INFO  o.s.b.w.e.tomcat.TomcatWebServer - Tomcat started on port(s): 8080 (http) with context path '' 
2018-11-23 15:20:31 4522 [restartedMain] INFO  com.easybug.WebApplication - Started WebApplication in 4.235 seconds (JVM running for 5.615) 
2018-11-23 15:23:02 155270 [http-nio-8080-exec-1] INFO  o.a.c.c.C.[Tomcat].[localhost].[/] - Initializing Spring DispatcherServlet 'dispatcherServlet' 
2018-11-23 15:23:02 155271 [http-nio-8080-exec-1] INFO  o.s.web.servlet.DispatcherServlet - Initializing Servlet 'dispatcherServlet' 
2018-11-23 15:23:02 155284 [http-nio-8080-exec-1] INFO  o.s.web.servlet.DispatcherServlet - Completed initialization in 13 ms 
2018-11-23 15:25:54 1054 [restartedMain] INFO  com.easybug.WebApplication - Starting WebApplication on DESKTOP-72AN4UO with PID 5500 (E:\IdeaProject\easyBug\web\target\classes started by tiger in E:\IdeaProject\easyBug) 
2018-11-23 15:25:54 1059 [restartedMain] INFO  com.easybug.WebApplication - No active profile set, falling back to default profiles: default 
2018-11-23 15:25:54 1153 [restartedMain] INFO  o.s.b.d.e.DevToolsPropertyDefaultsPostProcessor - Devtools property defaults active! Set 'spring.devtools.add-properties' to 'false' to disable 
2018-11-23 15:25:54 1153 [restartedMain] INFO  o.s.b.d.e.DevToolsPropertyDefaultsPostProcessor - For additional web related logging consider setting the 'logging.level.web' property to 'DEBUG' 
2018-11-23 15:25:56 3360 [restartedMain] INFO  o.s.b.w.e.tomcat.TomcatWebServer - Tomcat initialized with port(s): 8080 (http) 
2018-11-23 15:25:56 3371 [restartedMain] INFO  o.a.coyote.http11.Http11NioProtocol - Initializing ProtocolHandler ["http-nio-8080"] 
2018-11-23 15:25:56 3376 [restartedMain] INFO  o.a.catalina.core.StandardService - Starting service [Tomcat] 
2018-11-23 15:25:56 3376 [restartedMain] INFO  o.a.catalina.core.StandardEngine - Starting Servlet Engine: Apache Tomcat/9.0.12 
2018-11-23 15:25:56 3382 [restartedMain] INFO  o.a.c.core.AprLifecycleListener - The APR based Apache Tomcat Native library which allows optimal performance in production environments was not found on the java.library.path: [D:\Java\Jdk1.8\bin;C:\WINDOWS\Sun\Java\bin;C:\WINDOWS\system32;C:\WINDOWS;D:\Java\Jdk1.8\bin;C:\Program Files (x86)\Common Files\Oracle\Java\javapath;C:\Perl64\site\bin;C:\Perl64\bin;C:\WINDOWS\system32;C:\WINDOWS;C:\WINDOWS\System32\Wbem;C:\WINDOWS\System32\WindowsPowerShell\v1.0\;C:\Program Files\MySQL\MySQL Server 5.5\bin;D:\TortoiseGit\bin;C:\Program Files\TortoiseSVN\bin;D:\Putty\;C:\Users\tiger\AppData\Local\Microsoft\WindowsApps;;.] 
2018-11-23 15:25:56 3469 [restartedMain] INFO  o.a.c.c.C.[Tomcat].[localhost].[/] - Initializing Spring embedded WebApplicationContext 
2018-11-23 15:25:56 3469 [restartedMain] INFO  o.s.web.context.ContextLoader - Root WebApplicationContext: initialization completed in 2316 ms 
2018-11-23 15:25:56 3493 [restartedMain] INFO  o.s.b.w.s.ServletRegistrationBean - Servlet dispatcherServlet mapped to [/] 
2018-11-23 15:25:56 3498 [restartedMain] INFO  o.s.b.w.s.FilterRegistrationBean - Mapping filter: 'characterEncodingFilter' to: [/*] 
2018-11-23 15:25:56 3498 [restartedMain] INFO  o.s.b.w.s.FilterRegistrationBean - Mapping filter: 'hiddenHttpMethodFilter' to: [/*] 
2018-11-23 15:25:56 3499 [restartedMain] INFO  o.s.b.w.s.FilterRegistrationBean - Mapping filter: 'formContentFilter' to: [/*] 
2018-11-23 15:25:56 3499 [restartedMain] INFO  o.s.b.w.s.FilterRegistrationBean - Mapping filter: 'requestContextFilter' to: [/*] 
2018-11-23 15:25:57 3700 [restartedMain] INFO  o.s.s.c.ThreadPoolTaskExecutor - Initializing ExecutorService 'applicationTaskExecutor' 
2018-11-23 15:25:57 3865 [restartedMain] INFO  o.s.s.c.ThreadPoolTaskExecutor - Shutting down ExecutorService 'applicationTaskExecutor' 
2018-11-23 15:25:57 3868 [restartedMain] INFO  o.a.catalina.core.StandardService - Stopping service [Tomcat] 
2018-11-23 15:25:57 3890 [restartedMain] INFO  o.s.b.a.l.ConditionEvaluationReportLoggingListener - 

Error starting ApplicationContext. To display the conditions report re-run your application with 'debug' enabled. 
2018-11-23 15:26:55 1206 [restartedMain] INFO  com.easybug.WebApplication - Starting WebApplication on DESKTOP-72AN4UO with PID 2104 (E:\IdeaProject\easyBug\web\target\classes started by tiger in E:\IdeaProject\easyBug) 
2018-11-23 15:26:55 1211 [restartedMain] INFO  com.easybug.WebApplication - No active profile set, falling back to default profiles: default 
2018-11-23 15:26:55 1290 [restartedMain] INFO  o.s.b.d.e.DevToolsPropertyDefaultsPostProcessor - Devtools property defaults active! Set 'spring.devtools.add-properties' to 'false' to disable 
2018-11-23 15:26:55 1291 [restartedMain] INFO  o.s.b.d.e.DevToolsPropertyDefaultsPostProcessor - For additional web related logging consider setting the 'logging.level.web' property to 'DEBUG' 
2018-11-23 15:26:57 3484 [restartedMain] INFO  o.s.b.w.e.tomcat.TomcatWebServer - Tomcat initialized with port(s): 8080 (http) 
2018-11-23 15:26:57 3495 [restartedMain] INFO  o.a.coyote.http11.Http11NioProtocol - Initializing ProtocolHandler ["http-nio-8080"] 
2018-11-23 15:26:57 3499 [restartedMain] INFO  o.a.catalina.core.StandardService - Starting service [Tomcat] 
2018-11-23 15:26:57 3500 [restartedMain] INFO  o.a.catalina.core.StandardEngine - Starting Servlet Engine: Apache Tomcat/9.0.12 
2018-11-23 15:26:57 3507 [restartedMain] INFO  o.a.c.core.AprLifecycleListener - The APR based Apache Tomcat Native library which allows optimal performance in production environments was not found on the java.library.path: [D:\Java\Jdk1.8\bin;C:\WINDOWS\Sun\Java\bin;C:\WINDOWS\system32;C:\WINDOWS;D:\Java\Jdk1.8\bin;C:\Program Files (x86)\Common Files\Oracle\Java\javapath;C:\Perl64\site\bin;C:\Perl64\bin;C:\WINDOWS\system32;C:\WINDOWS;C:\WINDOWS\System32\Wbem;C:\WINDOWS\System32\WindowsPowerShell\v1.0\;C:\Program Files\MySQL\MySQL Server 5.5\bin;D:\TortoiseGit\bin;C:\Program Files\TortoiseSVN\bin;D:\Putty\;C:\Users\tiger\AppData\Local\Microsoft\WindowsApps;;.] 
2018-11-23 15:26:57 3598 [restartedMain] INFO  o.a.c.c.C.[Tomcat].[localhost].[/] - Initializing Spring embedded WebApplicationContext 
2018-11-23 15:26:57 3599 [restartedMain] INFO  o.s.web.context.ContextLoader - Root WebApplicationContext: initialization completed in 2308 ms 
2018-11-23 15:26:57 3624 [restartedMain] INFO  o.s.b.w.s.ServletRegistrationBean - Servlet dispatcherServlet mapped to [/] 
2018-11-23 15:26:57 3629 [restartedMain] INFO  o.s.b.w.s.FilterRegistrationBean - Mapping filter: 'characterEncodingFilter' to: [/*] 
2018-11-23 15:26:57 3629 [restartedMain] INFO  o.s.b.w.s.FilterRegistrationBean - Mapping filter: 'hiddenHttpMethodFilter' to: [/*] 
2018-11-23 15:26:57 3629 [restartedMain] INFO  o.s.b.w.s.FilterRegistrationBean - Mapping filter: 'formContentFilter' to: [/*] 
2018-11-23 15:26:57 3629 [restartedMain] INFO  o.s.b.w.s.FilterRegistrationBean - Mapping filter: 'requestContextFilter' to: [/*] 
2018-11-23 15:26:57 3835 [restartedMain] INFO  o.s.s.c.ThreadPoolTaskExecutor - Initializing ExecutorService 'applicationTaskExecutor' 
2018-11-23 15:26:57 3977 [restartedMain] INFO  o.s.s.c.ThreadPoolTaskExecutor - Shutting down ExecutorService 'applicationTaskExecutor' 
2018-11-23 15:26:57 3979 [restartedMain] INFO  o.a.catalina.core.StandardService - Stopping service [Tomcat] 
2018-11-23 15:26:57 3996 [restartedMain] INFO  o.s.b.a.l.ConditionEvaluationReportLoggingListener - 

Error starting ApplicationContext. To display the conditions report re-run your application with 'debug' enabled. 
2018-11-23 15:27:59 1224 [restartedMain] INFO  com.easybug.WebApplication - Starting WebApplication on DESKTOP-72AN4UO with PID 12552 (E:\IdeaProject\easyBug\web\target\classes started by tiger in E:\IdeaProject\easyBug) 
2018-11-23 15:27:59 1230 [restartedMain] INFO  com.easybug.WebApplication - No active profile set, falling back to default profiles: default 
2018-11-23 15:27:59 1411 [restartedMain] INFO  o.s.b.d.e.DevToolsPropertyDefaultsPostProcessor - Devtools property defaults active! Set 'spring.devtools.add-properties' to 'false' to disable 
2018-11-23 15:27:59 1412 [restartedMain] INFO  o.s.b.d.e.DevToolsPropertyDefaultsPostProcessor - For additional web related logging consider setting the 'logging.level.web' property to 'DEBUG' 
2018-11-23 15:28:01 3294 [restartedMain] INFO  o.s.b.w.e.tomcat.TomcatWebServer - Tomcat initialized with port(s): 8080 (http) 
2018-11-23 15:28:01 3305 [restartedMain] INFO  o.a.coyote.http11.Http11NioProtocol - Initializing ProtocolHandler ["http-nio-8080"] 
2018-11-23 15:28:01 3309 [restartedMain] INFO  o.a.catalina.core.StandardService - Starting service [Tomcat] 
2018-11-23 15:28:01 3309 [restartedMain] INFO  o.a.catalina.core.StandardEngine - Starting Servlet Engine: Apache Tomcat/9.0.12 
2018-11-23 15:28:01 3316 [restartedMain] INFO  o.a.c.core.AprLifecycleListener - The APR based Apache Tomcat Native library which allows optimal performance in production environments was not found on the java.library.path: [D:\Java\Jdk1.8\bin;C:\WINDOWS\Sun\Java\bin;C:\WINDOWS\system32;C:\WINDOWS;D:\Java\Jdk1.8\bin;C:\Program Files (x86)\Common Files\Oracle\Java\javapath;C:\Perl64\site\bin;C:\Perl64\bin;C:\WINDOWS\system32;C:\WINDOWS;C:\WINDOWS\System32\Wbem;C:\WINDOWS\System32\WindowsPowerShell\v1.0\;C:\Program Files\MySQL\MySQL Server 5.5\bin;D:\TortoiseGit\bin;C:\Program Files\TortoiseSVN\bin;D:\Putty\;C:\Users\tiger\AppData\Local\Microsoft\WindowsApps;;.] 
2018-11-23 15:28:01 3406 [restartedMain] INFO  o.a.c.c.C.[Tomcat].[localhost].[/] - Initializing Spring embedded WebApplicationContext 
2018-11-23 15:28:01 3406 [restartedMain] INFO  o.s.web.context.ContextLoader - Root WebApplicationContext: initialization completed in 1994 ms 
2018-11-23 15:28:02 3440 [restartedMain] INFO  o.s.b.w.s.ServletRegistrationBean - Servlet dispatcherServlet mapped to [/] 
2018-11-23 15:28:02 3446 [restartedMain] INFO  o.s.b.w.s.FilterRegistrationBean - Mapping filter: 'characterEncodingFilter' to: [/*] 
2018-11-23 15:28:02 3447 [restartedMain] INFO  o.s.b.w.s.FilterRegistrationBean - Mapping filter: 'hiddenHttpMethodFilter' to: [/*] 
2018-11-23 15:28:02 3447 [restartedMain] INFO  o.s.b.w.s.FilterRegistrationBean - Mapping filter: 'formContentFilter' to: [/*] 
2018-11-23 15:28:02 3447 [restartedMain] INFO  o.s.b.w.s.FilterRegistrationBean - Mapping filter: 'requestContextFilter' to: [/*] 
2018-11-23 15:28:02 3511 [MLog-Init-Reporter] INFO  com.mchange.v2.log.MLog - MLog clients using slf4j logging. 
2018-11-23 15:28:02 3562 [restartedMain] INFO  com.mchange.v2.c3p0.C3P0Registry - Initializing c3p0-0.9.5.2 [built 08-December-2015 22:06:04 -0800; debug? true; trace: 10] 
2018-11-23 15:28:02 4113 [restartedMain] INFO  o.s.s.c.ThreadPoolTaskExecutor - Initializing ExecutorService 'applicationTaskExecutor' 
2018-11-23 15:28:02 4352 [restartedMain] INFO  o.s.b.d.a.OptionalLiveReloadServer - LiveReload server is running on port 35729 
2018-11-23 15:28:02 4383 [restartedMain] INFO  o.a.coyote.http11.Http11NioProtocol - Starting ProtocolHandler ["http-nio-8080"] 
2018-11-23 15:28:02 4393 [restartedMain] INFO  o.a.tomcat.util.net.NioSelectorPool - Using a shared selector for servlet write/read 
2018-11-23 15:28:02 4409 [restartedMain] INFO  o.s.b.w.e.tomcat.TomcatWebServer - Tomcat started on port(s): 8080 (http) with context path '' 
2018-11-23 15:28:02 4412 [restartedMain] INFO  com.easybug.WebApplication - Started WebApplication in 4.061 seconds (JVM running for 5.455) 
2018-11-23 15:28:39 41230 [http-nio-8080-exec-1] INFO  o.a.c.c.C.[Tomcat].[localhost].[/] - Initializing Spring DispatcherServlet 'dispatcherServlet' 
2018-11-23 15:28:39 41231 [http-nio-8080-exec-1] INFO  o.s.web.servlet.DispatcherServlet - Initializing Servlet 'dispatcherServlet' 
2018-11-23 15:28:39 41239 [http-nio-8080-exec-1] INFO  o.s.web.servlet.DispatcherServlet - Completed initialization in 8 ms 
2018-11-23 15:51:57 1507 [restartedMain] INFO  com.easybug.WebApplication - Starting WebApplication on DESKTOP-72AN4UO with PID 5520 (E:\IdeaProject\easyBug\web\target\classes started by tiger in E:\IdeaProject\easyBug) 
2018-11-23 15:51:57 1511 [restartedMain] INFO  com.easybug.WebApplication - No active profile set, falling back to default profiles: default 
2018-11-23 15:51:57 1711 [restartedMain] INFO  o.s.b.d.e.DevToolsPropertyDefaultsPostProcessor - Devtools property defaults active! Set 'spring.devtools.add-properties' to 'false' to disable 
2018-11-23 15:51:57 1712 [restartedMain] INFO  o.s.b.d.e.DevToolsPropertyDefaultsPostProcessor - For additional web related logging consider setting the 'logging.level.web' property to 'DEBUG' 
2018-11-23 15:51:59 3876 [restartedMain] INFO  o.s.b.w.e.tomcat.TomcatWebServer - Tomcat initialized with port(s): 8080 (http) 
2018-11-23 15:51:59 3889 [restartedMain] INFO  o.a.coyote.http11.Http11NioProtocol - Initializing ProtocolHandler ["http-nio-8080"] 
2018-11-23 15:51:59 3893 [restartedMain] INFO  o.a.catalina.core.StandardService - Starting service [Tomcat] 
2018-11-23 15:51:59 3894 [restartedMain] INFO  o.a.catalina.core.StandardEngine - Starting Servlet Engine: Apache Tomcat/9.0.12 
2018-11-23 15:51:59 3902 [restartedMain] INFO  o.a.c.core.AprLifecycleListener - The APR based Apache Tomcat Native library which allows optimal performance in production environments was not found on the java.library.path: [D:\Java\Jdk1.8\bin;C:\WINDOWS\Sun\Java\bin;C:\WINDOWS\system32;C:\WINDOWS;D:\Java\Jdk1.8\bin;C:\Program Files (x86)\Common Files\Oracle\Java\javapath;C:\Perl64\site\bin;C:\Perl64\bin;C:\WINDOWS\system32;C:\WINDOWS;C:\WINDOWS\System32\Wbem;C:\WINDOWS\System32\WindowsPowerShell\v1.0\;C:\Program Files\MySQL\MySQL Server 5.5\bin;D:\TortoiseGit\bin;C:\Program Files\TortoiseSVN\bin;D:\Putty\;C:\Users\tiger\AppData\Local\Microsoft\WindowsApps;;.] 
2018-11-23 15:51:59 4026 [restartedMain] INFO  o.a.c.c.C.[Tomcat].[localhost].[/] - Initializing Spring embedded WebApplicationContext 
2018-11-23 15:51:59 4027 [restartedMain] INFO  o.s.web.context.ContextLoader - Root WebApplicationContext: initialization completed in 2315 ms 
2018-11-23 15:51:59 4055 [restartedMain] INFO  o.s.b.w.s.ServletRegistrationBean - Servlet dispatcherServlet mapped to [/] 
2018-11-23 15:51:59 4059 [restartedMain] INFO  o.s.b.w.s.FilterRegistrationBean - Mapping filter: 'characterEncodingFilter' to: [/*] 
2018-11-23 15:51:59 4060 [restartedMain] INFO  o.s.b.w.s.FilterRegistrationBean - Mapping filter: 'hiddenHttpMethodFilter' to: [/*] 
2018-11-23 15:51:59 4060 [restartedMain] INFO  o.s.b.w.s.FilterRegistrationBean - Mapping filter: 'formContentFilter' to: [/*] 
2018-11-23 15:51:59 4060 [restartedMain] INFO  o.s.b.w.s.FilterRegistrationBean - Mapping filter: 'requestContextFilter' to: [/*] 
2018-11-23 15:52:00 4290 [restartedMain] INFO  o.s.s.c.ThreadPoolTaskExecutor - Initializing ExecutorService 'applicationTaskExecutor' 
2018-11-23 15:52:00 4446 [restartedMain] INFO  o.s.s.c.ThreadPoolTaskExecutor - Shutting down ExecutorService 'applicationTaskExecutor' 
2018-11-23 15:52:00 4449 [restartedMain] INFO  o.a.catalina.core.StandardService - Stopping service [Tomcat] 
2018-11-23 15:52:00 4467 [restartedMain] INFO  o.s.b.a.l.ConditionEvaluationReportLoggingListener - 

Error starting ApplicationContext. To display the conditions report re-run your application with 'debug' enabled. 
2018-11-23 15:53:25 1215 [restartedMain] INFO  com.easybug.WebApplication - Starting WebApplication on DESKTOP-72AN4UO with PID 9760 (E:\IdeaProject\easyBug\web\target\classes started by tiger in E:\IdeaProject\easyBug) 
2018-11-23 15:53:25 1219 [restartedMain] INFO  com.easybug.WebApplication - No active profile set, falling back to default profiles: default 
2018-11-23 15:53:25 1315 [restartedMain] INFO  o.s.b.d.e.DevToolsPropertyDefaultsPostProcessor - Devtools property defaults active! Set 'spring.devtools.add-properties' to 'false' to disable 
2018-11-23 15:53:25 1315 [restartedMain] INFO  o.s.b.d.e.DevToolsPropertyDefaultsPostProcessor - For additional web related logging consider setting the 'logging.level.web' property to 'DEBUG' 
2018-11-23 15:53:27 3529 [restartedMain] INFO  o.s.b.w.e.tomcat.TomcatWebServer - Tomcat initialized with port(s): 8080 (http) 
2018-11-23 15:53:27 3540 [restartedMain] INFO  o.a.coyote.http11.Http11NioProtocol - Initializing ProtocolHandler ["http-nio-8080"] 
2018-11-23 15:53:27 3546 [restartedMain] INFO  o.a.catalina.core.StandardService - Starting service [Tomcat] 
2018-11-23 15:53:27 3546 [restartedMain] INFO  o.a.catalina.core.StandardEngine - Starting Servlet Engine: Apache Tomcat/9.0.12 
2018-11-23 15:53:27 3552 [restartedMain] INFO  o.a.c.core.AprLifecycleListener - The APR based Apache Tomcat Native library which allows optimal performance in production environments was not found on the java.library.path: [D:\Java\Jdk1.8\bin;C:\WINDOWS\Sun\Java\bin;C:\WINDOWS\system32;C:\WINDOWS;D:\Java\Jdk1.8\bin;C:\Program Files (x86)\Common Files\Oracle\Java\javapath;C:\Perl64\site\bin;C:\Perl64\bin;C:\WINDOWS\system32;C:\WINDOWS;C:\WINDOWS\System32\Wbem;C:\WINDOWS\System32\WindowsPowerShell\v1.0\;C:\Program Files\MySQL\MySQL Server 5.5\bin;D:\TortoiseGit\bin;C:\Program Files\TortoiseSVN\bin;D:\Putty\;C:\Users\tiger\AppData\Local\Microsoft\WindowsApps;;.] 
2018-11-23 15:53:27 3669 [restartedMain] INFO  o.a.c.c.C.[Tomcat].[localhost].[/] - Initializing Spring embedded WebApplicationContext 
2018-11-23 15:53:27 3669 [restartedMain] INFO  o.s.web.context.ContextLoader - Root WebApplicationContext: initialization completed in 2354 ms 
2018-11-23 15:53:27 3695 [restartedMain] INFO  o.s.b.w.s.ServletRegistrationBean - Servlet dispatcherServlet mapped to [/] 
2018-11-23 15:53:27 3700 [restartedMain] INFO  o.s.b.w.s.FilterRegistrationBean - Mapping filter: 'characterEncodingFilter' to: [/*] 
2018-11-23 15:53:27 3700 [restartedMain] INFO  o.s.b.w.s.FilterRegistrationBean - Mapping filter: 'hiddenHttpMethodFilter' to: [/*] 
2018-11-23 15:53:27 3700 [restartedMain] INFO  o.s.b.w.s.FilterRegistrationBean - Mapping filter: 'formContentFilter' to: [/*] 
2018-11-23 15:53:27 3700 [restartedMain] INFO  o.s.b.w.s.FilterRegistrationBean - Mapping filter: 'requestContextFilter' to: [/*] 
2018-11-23 15:53:27 3917 [restartedMain] INFO  o.s.s.c.ThreadPoolTaskExecutor - Initializing ExecutorService 'applicationTaskExecutor' 
2018-11-23 15:53:28 4060 [restartedMain] INFO  o.s.s.c.ThreadPoolTaskExecutor - Shutting down ExecutorService 'applicationTaskExecutor' 
2018-11-23 15:53:28 4063 [restartedMain] INFO  o.a.catalina.core.StandardService - Stopping service [Tomcat] 
2018-11-23 15:53:28 4081 [restartedMain] INFO  o.s.b.a.l.ConditionEvaluationReportLoggingListener - 

Error starting ApplicationContext. To display the conditions report re-run your application with 'debug' enabled. 
2018-11-23 16:02:43 1444 [restartedMain] INFO  com.easybug.WebApplication - Starting WebApplication on DESKTOP-72AN4UO with PID 9196 (E:\IdeaProject\easyBug\web\target\classes started by tiger in E:\IdeaProject\easyBug) 
2018-11-23 16:02:43 1448 [restartedMain] INFO  com.easybug.WebApplication - No active profile set, falling back to default profiles: default 
2018-11-23 16:02:43 1562 [restartedMain] INFO  o.s.b.d.e.DevToolsPropertyDefaultsPostProcessor - Devtools property defaults active! Set 'spring.devtools.add-properties' to 'false' to disable 
2018-11-23 16:02:43 1562 [restartedMain] INFO  o.s.b.d.e.DevToolsPropertyDefaultsPostProcessor - For additional web related logging consider setting the 'logging.level.web' property to 'DEBUG' 
2018-11-23 16:02:45 3455 [restartedMain] INFO  o.s.b.w.e.tomcat.TomcatWebServer - Tomcat initialized with port(s): 8080 (http) 
2018-11-23 16:02:45 3468 [restartedMain] INFO  o.a.coyote.http11.Http11NioProtocol - Initializing ProtocolHandler ["http-nio-8080"] 
2018-11-23 16:02:45 3473 [restartedMain] INFO  o.a.catalina.core.StandardService - Starting service [Tomcat] 
2018-11-23 16:02:45 3473 [restartedMain] INFO  o.a.catalina.core.StandardEngine - Starting Servlet Engine: Apache Tomcat/9.0.12 
2018-11-23 16:02:45 3480 [restartedMain] INFO  o.a.c.core.AprLifecycleListener - The APR based Apache Tomcat Native library which allows optimal performance in production environments was not found on the java.library.path: [D:\Java\Jdk1.8\bin;C:\WINDOWS\Sun\Java\bin;C:\WINDOWS\system32;C:\WINDOWS;D:\Java\Jdk1.8\bin;C:\Program Files (x86)\Common Files\Oracle\Java\javapath;C:\Perl64\site\bin;C:\Perl64\bin;C:\WINDOWS\system32;C:\WINDOWS;C:\WINDOWS\System32\Wbem;C:\WINDOWS\System32\WindowsPowerShell\v1.0\;C:\Program Files\MySQL\MySQL Server 5.5\bin;D:\TortoiseGit\bin;C:\Program Files\TortoiseSVN\bin;D:\Putty\;C:\Users\tiger\AppData\Local\Microsoft\WindowsApps;;.] 
2018-11-23 16:02:45 3616 [restartedMain] INFO  o.a.c.c.C.[Tomcat].[localhost].[/] - Initializing Spring embedded WebApplicationContext 
2018-11-23 16:02:45 3616 [restartedMain] INFO  o.s.web.context.ContextLoader - Root WebApplicationContext: initialization completed in 2054 ms 
2018-11-23 16:02:45 3649 [restartedMain] INFO  o.s.b.w.s.ServletRegistrationBean - Servlet dispatcherServlet mapped to [/] 
2018-11-23 16:02:45 3657 [restartedMain] INFO  o.s.b.w.s.FilterRegistrationBean - Mapping filter: 'characterEncodingFilter' to: [/*] 
2018-11-23 16:02:45 3657 [restartedMain] INFO  o.s.b.w.s.FilterRegistrationBean - Mapping filter: 'hiddenHttpMethodFilter' to: [/*] 
2018-11-23 16:02:45 3657 [restartedMain] INFO  o.s.b.w.s.FilterRegistrationBean - Mapping filter: 'formContentFilter' to: [/*] 
2018-11-23 16:02:45 3657 [restartedMain] INFO  o.s.b.w.s.FilterRegistrationBean - Mapping filter: 'requestContextFilter' to: [/*] 
2018-11-23 16:02:46 3890 [restartedMain] INFO  o.s.s.c.ThreadPoolTaskExecutor - Initializing ExecutorService 'applicationTaskExecutor' 
2018-11-23 16:02:46 4041 [restartedMain] INFO  o.s.s.c.ThreadPoolTaskExecutor - Shutting down ExecutorService 'applicationTaskExecutor' 
2018-11-23 16:02:46 4044 [restartedMain] INFO  o.a.catalina.core.StandardService - Stopping service [Tomcat] 
2018-11-23 16:02:46 4063 [restartedMain] INFO  o.s.b.a.l.ConditionEvaluationReportLoggingListener - 

Error starting ApplicationContext. To display the conditions report re-run your application with 'debug' enabled. 
2018-11-23 16:06:52 1169 [restartedMain] INFO  com.easybug.WebApplication - Starting WebApplication on DESKTOP-72AN4UO with PID 11136 (E:\IdeaProject\easyBug\web\target\classes started by tiger in E:\IdeaProject\easyBug) 
2018-11-23 16:06:52 1173 [restartedMain] INFO  com.easybug.WebApplication - No active profile set, falling back to default profiles: default 
2018-11-23 16:06:52 1293 [restartedMain] INFO  o.s.b.d.e.DevToolsPropertyDefaultsPostProcessor - Devtools property defaults active! Set 'spring.devtools.add-properties' to 'false' to disable 
2018-11-23 16:06:52 1293 [restartedMain] INFO  o.s.b.d.e.DevToolsPropertyDefaultsPostProcessor - For additional web related logging consider setting the 'logging.level.web' property to 'DEBUG' 
2018-11-23 16:06:54 3400 [restartedMain] INFO  o.s.b.w.e.tomcat.TomcatWebServer - Tomcat initialized with port(s): 8080 (http) 
2018-11-23 16:06:54 3412 [restartedMain] INFO  o.a.coyote.http11.Http11NioProtocol - Initializing ProtocolHandler ["http-nio-8080"] 
2018-11-23 16:06:54 3418 [restartedMain] INFO  o.a.catalina.core.StandardService - Starting service [Tomcat] 
2018-11-23 16:06:54 3419 [restartedMain] INFO  o.a.catalina.core.StandardEngine - Starting Servlet Engine: Apache Tomcat/9.0.12 
2018-11-23 16:06:54 3427 [restartedMain] INFO  o.a.c.core.AprLifecycleListener - The APR based Apache Tomcat Native library which allows optimal performance in production environments was not found on the java.library.path: [D:\Java\Jdk1.8\bin;C:\WINDOWS\Sun\Java\bin;C:\WINDOWS\system32;C:\WINDOWS;D:\Java\Jdk1.8\bin;C:\Program Files (x86)\Common Files\Oracle\Java\javapath;C:\Perl64\site\bin;C:\Perl64\bin;C:\WINDOWS\system32;C:\WINDOWS;C:\WINDOWS\System32\Wbem;C:\WINDOWS\System32\WindowsPowerShell\v1.0\;C:\Program Files\MySQL\MySQL Server 5.5\bin;D:\TortoiseGit\bin;C:\Program Files\TortoiseSVN\bin;D:\Putty\;C:\Users\tiger\AppData\Local\Microsoft\WindowsApps;;.] 
2018-11-23 16:06:55 3541 [restartedMain] INFO  o.a.c.c.C.[Tomcat].[localhost].[/] - Initializing Spring embedded WebApplicationContext 
2018-11-23 16:06:55 3542 [restartedMain] INFO  o.s.web.context.ContextLoader - Root WebApplicationContext: initialization completed in 2249 ms 
2018-11-23 16:06:55 3571 [restartedMain] INFO  o.s.b.w.s.ServletRegistrationBean - Servlet dispatcherServlet mapped to [/] 
2018-11-23 16:06:55 3576 [restartedMain] INFO  o.s.b.w.s.FilterRegistrationBean - Mapping filter: 'characterEncodingFilter' to: [/*] 
2018-11-23 16:06:55 3576 [restartedMain] INFO  o.s.b.w.s.FilterRegistrationBean - Mapping filter: 'hiddenHttpMethodFilter' to: [/*] 
2018-11-23 16:06:55 3576 [restartedMain] INFO  o.s.b.w.s.FilterRegistrationBean - Mapping filter: 'formContentFilter' to: [/*] 
2018-11-23 16:06:55 3576 [restartedMain] INFO  o.s.b.w.s.FilterRegistrationBean - Mapping filter: 'requestContextFilter' to: [/*] 
2018-11-23 16:06:55 3789 [restartedMain] INFO  o.s.s.c.ThreadPoolTaskExecutor - Initializing ExecutorService 'applicationTaskExecutor' 
2018-11-23 16:06:55 3931 [restartedMain] INFO  o.s.s.c.ThreadPoolTaskExecutor - Shutting down ExecutorService 'applicationTaskExecutor' 
2018-11-23 16:06:55 3934 [restartedMain] INFO  o.a.catalina.core.StandardService - Stopping service [Tomcat] 
2018-11-23 16:06:55 3952 [restartedMain] INFO  o.s.b.a.l.ConditionEvaluationReportLoggingListener - 

Error starting ApplicationContext. To display the conditions report re-run your application with 'debug' enabled. 
2018-11-23 16:08:02 1403 [restartedMain] INFO  com.easybug.WebApplication - Starting WebApplication on DESKTOP-72AN4UO with PID 8780 (E:\IdeaProject\easyBug\web\target\classes started by tiger in E:\IdeaProject\easyBug) 
2018-11-23 16:08:02 1408 [restartedMain] INFO  com.easybug.WebApplication - No active profile set, falling back to default profiles: default 
2018-11-23 16:08:02 1555 [restartedMain] INFO  o.s.b.d.e.DevToolsPropertyDefaultsPostProcessor - Devtools property defaults active! Set 'spring.devtools.add-properties' to 'false' to disable 
2018-11-23 16:08:02 1555 [restartedMain] INFO  o.s.b.d.e.DevToolsPropertyDefaultsPostProcessor - For additional web related logging consider setting the 'logging.level.web' property to 'DEBUG' 
2018-11-23 16:08:05 3829 [restartedMain] INFO  o.s.b.w.e.tomcat.TomcatWebServer - Tomcat initialized with port(s): 8080 (http) 
2018-11-23 16:08:05 3843 [restartedMain] INFO  o.a.coyote.http11.Http11NioProtocol - Initializing ProtocolHandler ["http-nio-8080"] 
2018-11-23 16:08:05 3849 [restartedMain] INFO  o.a.catalina.core.StandardService - Starting service [Tomcat] 
2018-11-23 16:08:05 3849 [restartedMain] INFO  o.a.catalina.core.StandardEngine - Starting Servlet Engine: Apache Tomcat/9.0.12 
2018-11-23 16:08:05 3856 [restartedMain] INFO  o.a.c.core.AprLifecycleListener - The APR based Apache Tomcat Native library which allows optimal performance in production environments was not found on the java.library.path: [D:\Java\Jdk1.8\bin;C:\WINDOWS\Sun\Java\bin;C:\WINDOWS\system32;C:\WINDOWS;D:\Java\Jdk1.8\bin;C:\Program Files (x86)\Common Files\Oracle\Java\javapath;C:\Perl64\site\bin;C:\Perl64\bin;C:\WINDOWS\system32;C:\WINDOWS;C:\WINDOWS\System32\Wbem;C:\WINDOWS\System32\WindowsPowerShell\v1.0\;C:\Program Files\MySQL\MySQL Server 5.5\bin;D:\TortoiseGit\bin;C:\Program Files\TortoiseSVN\bin;D:\Putty\;C:\Users\tiger\AppData\Local\Microsoft\WindowsApps;;.] 
2018-11-23 16:08:05 3968 [restartedMain] INFO  o.a.c.c.C.[Tomcat].[localhost].[/] - Initializing Spring embedded WebApplicationContext 
2018-11-23 16:08:05 3968 [restartedMain] INFO  o.s.web.context.ContextLoader - Root WebApplicationContext: initialization completed in 2413 ms 
2018-11-23 16:08:05 3996 [restartedMain] INFO  o.s.b.w.s.ServletRegistrationBean - Servlet dispatcherServlet mapped to [/] 
2018-11-23 16:08:05 4001 [restartedMain] INFO  o.s.b.w.s.FilterRegistrationBean - Mapping filter: 'characterEncodingFilter' to: [/*] 
2018-11-23 16:08:05 4001 [restartedMain] INFO  o.s.b.w.s.FilterRegistrationBean - Mapping filter: 'hiddenHttpMethodFilter' to: [/*] 
2018-11-23 16:08:05 4001 [restartedMain] INFO  o.s.b.w.s.FilterRegistrationBean - Mapping filter: 'formContentFilter' to: [/*] 
2018-11-23 16:08:05 4001 [restartedMain] INFO  o.s.b.w.s.FilterRegistrationBean - Mapping filter: 'requestContextFilter' to: [/*] 
2018-11-23 16:08:05 4213 [restartedMain] INFO  o.s.s.c.ThreadPoolTaskExecutor - Initializing ExecutorService 'applicationTaskExecutor' 
2018-11-23 16:08:05 4356 [restartedMain] INFO  o.s.s.c.ThreadPoolTaskExecutor - Shutting down ExecutorService 'applicationTaskExecutor' 
2018-11-23 16:08:05 4359 [restartedMain] INFO  o.a.catalina.core.StandardService - Stopping service [Tomcat] 
2018-11-23 16:08:05 4376 [restartedMain] INFO  o.s.b.a.l.ConditionEvaluationReportLoggingListener - 

Error starting ApplicationContext. To display the conditions report re-run your application with 'debug' enabled. 
2018-11-23 16:09:11 1409 [restartedMain] INFO  com.easybug.WebApplication - Starting WebApplication on DESKTOP-72AN4UO with PID 13272 (E:\IdeaProject\easyBug\web\target\classes started by tiger in E:\IdeaProject\easyBug) 
2018-11-23 16:09:11 1413 [restartedMain] INFO  com.easybug.WebApplication - No active profile set, falling back to default profiles: default 
2018-11-23 16:09:11 1581 [restartedMain] INFO  o.s.b.d.e.DevToolsPropertyDefaultsPostProcessor - Devtools property defaults active! Set 'spring.devtools.add-properties' to 'false' to disable 
2018-11-23 16:09:11 1582 [restartedMain] INFO  o.s.b.d.e.DevToolsPropertyDefaultsPostProcessor - For additional web related logging consider setting the 'logging.level.web' property to 'DEBUG' 
2018-11-23 16:09:13 3619 [restartedMain] INFO  o.s.b.w.e.tomcat.TomcatWebServer - Tomcat initialized with port(s): 8080 (http) 
2018-11-23 16:09:13 3629 [restartedMain] INFO  o.a.coyote.http11.Http11NioProtocol - Initializing ProtocolHandler ["http-nio-8080"] 
2018-11-23 16:09:13 3633 [restartedMain] INFO  o.a.catalina.core.StandardService - Starting service [Tomcat] 
2018-11-23 16:09:13 3634 [restartedMain] INFO  o.a.catalina.core.StandardEngine - Starting Servlet Engine: Apache Tomcat/9.0.12 
2018-11-23 16:09:13 3642 [restartedMain] INFO  o.a.c.core.AprLifecycleListener - The APR based Apache Tomcat Native library which allows optimal performance in production environments was not found on the java.library.path: [D:\Java\Jdk1.8\bin;C:\WINDOWS\Sun\Java\bin;C:\WINDOWS\system32;C:\WINDOWS;D:\Java\Jdk1.8\bin;C:\Program Files (x86)\Common Files\Oracle\Java\javapath;C:\Perl64\site\bin;C:\Perl64\bin;C:\WINDOWS\system32;C:\WINDOWS;C:\WINDOWS\System32\Wbem;C:\WINDOWS\System32\WindowsPowerShell\v1.0\;C:\Program Files\MySQL\MySQL Server 5.5\bin;D:\TortoiseGit\bin;C:\Program Files\TortoiseSVN\bin;D:\Putty\;C:\Users\tiger\AppData\Local\Microsoft\WindowsApps;;.] 
2018-11-23 16:09:13 3735 [restartedMain] INFO  o.a.c.c.C.[Tomcat].[localhost].[/] - Initializing Spring embedded WebApplicationContext 
2018-11-23 16:09:13 3736 [restartedMain] INFO  o.s.web.context.ContextLoader - Root WebApplicationContext: initialization completed in 2154 ms 
2018-11-23 16:09:13 3762 [restartedMain] INFO  o.s.b.w.s.ServletRegistrationBean - Servlet dispatcherServlet mapped to [/] 
2018-11-23 16:09:13 3766 [restartedMain] INFO  o.s.b.w.s.FilterRegistrationBean - Mapping filter: 'characterEncodingFilter' to: [/*] 
2018-11-23 16:09:13 3766 [restartedMain] INFO  o.s.b.w.s.FilterRegistrationBean - Mapping filter: 'hiddenHttpMethodFilter' to: [/*] 
2018-11-23 16:09:13 3766 [restartedMain] INFO  o.s.b.w.s.FilterRegistrationBean - Mapping filter: 'formContentFilter' to: [/*] 
2018-11-23 16:09:13 3766 [restartedMain] INFO  o.s.b.w.s.FilterRegistrationBean - Mapping filter: 'requestContextFilter' to: [/*] 
2018-11-23 16:09:13 3978 [restartedMain] INFO  o.s.s.c.ThreadPoolTaskExecutor - Initializing ExecutorService 'applicationTaskExecutor' 
2018-11-23 16:09:14 4121 [restartedMain] INFO  o.s.s.c.ThreadPoolTaskExecutor - Shutting down ExecutorService 'applicationTaskExecutor' 
2018-11-23 16:09:14 4124 [restartedMain] INFO  o.a.catalina.core.StandardService - Stopping service [Tomcat] 
2018-11-23 16:09:14 4140 [restartedMain] INFO  o.s.b.a.l.ConditionEvaluationReportLoggingListener - 

Error starting ApplicationContext. To display the conditions report re-run your application with 'debug' enabled. 
2018-11-23 16:09:59 1130 [restartedMain] INFO  com.easybug.WebApplication - Starting WebApplication on DESKTOP-72AN4UO with PID 1468 (E:\IdeaProject\easyBug\web\target\classes started by tiger in E:\IdeaProject\easyBug) 
2018-11-23 16:09:59 1134 [restartedMain] INFO  com.easybug.WebApplication - No active profile set, falling back to default profiles: default 
2018-11-23 16:09:59 1263 [restartedMain] INFO  o.s.b.d.e.DevToolsPropertyDefaultsPostProcessor - Devtools property defaults active! Set 'spring.devtools.add-properties' to 'false' to disable 
2018-11-23 16:09:59 1264 [restartedMain] INFO  o.s.b.d.e.DevToolsPropertyDefaultsPostProcessor - For additional web related logging consider setting the 'logging.level.web' property to 'DEBUG' 
2018-11-23 16:10:01 3516 [restartedMain] INFO  o.s.b.w.e.tomcat.TomcatWebServer - Tomcat initialized with port(s): 8080 (http) 
2018-11-23 16:10:02 3528 [restartedMain] INFO  o.a.coyote.http11.Http11NioProtocol - Initializing ProtocolHandler ["http-nio-8080"] 
2018-11-23 16:10:02 3535 [restartedMain] INFO  o.a.catalina.core.StandardService - Starting service [Tomcat] 
2018-11-23 16:10:02 3535 [restartedMain] INFO  o.a.catalina.core.StandardEngine - Starting Servlet Engine: Apache Tomcat/9.0.12 
2018-11-23 16:10:02 3542 [restartedMain] INFO  o.a.c.core.AprLifecycleListener - The APR based Apache Tomcat Native library which allows optimal performance in production environments was not found on the java.library.path: [D:\Java\Jdk1.8\bin;C:\WINDOWS\Sun\Java\bin;C:\WINDOWS\system32;C:\WINDOWS;D:\Java\Jdk1.8\bin;C:\Program Files (x86)\Common Files\Oracle\Java\javapath;C:\Perl64\site\bin;C:\Perl64\bin;C:\WINDOWS\system32;C:\WINDOWS;C:\WINDOWS\System32\Wbem;C:\WINDOWS\System32\WindowsPowerShell\v1.0\;C:\Program Files\MySQL\MySQL Server 5.5\bin;D:\TortoiseGit\bin;C:\Program Files\TortoiseSVN\bin;D:\Putty\;C:\Users\tiger\AppData\Local\Microsoft\WindowsApps;;.] 
2018-11-23 16:10:02 3659 [restartedMain] INFO  o.a.c.c.C.[Tomcat].[localhost].[/] - Initializing Spring embedded WebApplicationContext 
2018-11-23 16:10:02 3659 [restartedMain] INFO  o.s.web.context.ContextLoader - Root WebApplicationContext: initialization completed in 2395 ms 
2018-11-23 16:10:02 3684 [restartedMain] INFO  o.s.b.w.s.ServletRegistrationBean - Servlet dispatcherServlet mapped to [/] 
2018-11-23 16:10:02 3689 [restartedMain] INFO  o.s.b.w.s.FilterRegistrationBean - Mapping filter: 'characterEncodingFilter' to: [/*] 
2018-11-23 16:10:02 3689 [restartedMain] INFO  o.s.b.w.s.FilterRegistrationBean - Mapping filter: 'hiddenHttpMethodFilter' to: [/*] 
2018-11-23 16:10:02 3689 [restartedMain] INFO  o.s.b.w.s.FilterRegistrationBean - Mapping filter: 'formContentFilter' to: [/*] 
2018-11-23 16:10:02 3689 [restartedMain] INFO  o.s.b.w.s.FilterRegistrationBean - Mapping filter: 'requestContextFilter' to: [/*] 
2018-11-23 16:10:02 3734 [MLog-Init-Reporter] INFO  com.mchange.v2.log.MLog - MLog clients using slf4j logging. 
2018-11-23 16:10:02 3776 [restartedMain] INFO  com.mchange.v2.c3p0.C3P0Registry - Initializing c3p0-0.9.5.2 [built 08-December-2015 22:06:04 -0800; debug? true; trace: 10] 
2018-11-23 16:10:02 4316 [restartedMain] INFO  o.s.s.c.ThreadPoolTaskExecutor - Initializing ExecutorService 'applicationTaskExecutor' 
2018-11-23 16:10:03 4578 [restartedMain] INFO  o.s.b.d.a.OptionalLiveReloadServer - LiveReload server is running on port 35729 
2018-11-23 16:10:03 4623 [restartedMain] INFO  o.a.coyote.http11.Http11NioProtocol - Starting ProtocolHandler ["http-nio-8080"] 
2018-11-23 16:10:03 4635 [restartedMain] INFO  o.a.tomcat.util.net.NioSelectorPool - Using a shared selector for servlet write/read 
2018-11-23 16:10:03 4653 [restartedMain] INFO  o.s.b.w.e.tomcat.TomcatWebServer - Tomcat started on port(s): 8080 (http) with context path '' 
2018-11-23 16:10:03 4656 [restartedMain] INFO  com.easybug.WebApplication - Started WebApplication in 4.348 seconds (JVM running for 5.664) 
2018-11-23 16:10:24 25599 [http-nio-8080-exec-1] INFO  o.a.c.c.C.[Tomcat].[localhost].[/] - Initializing Spring DispatcherServlet 'dispatcherServlet' 
2018-11-23 16:10:24 25599 [http-nio-8080-exec-1] INFO  o.s.web.servlet.DispatcherServlet - Initializing Servlet 'dispatcherServlet' 
2018-11-23 16:10:24 25607 [http-nio-8080-exec-1] INFO  o.s.web.servlet.DispatcherServlet - Completed initialization in 8 ms 
2018-11-23 16:12:12 133746 [Thread-15] INFO  o.s.s.c.ThreadPoolTaskExecutor - Shutting down ExecutorService 'applicationTaskExecutor' 
2018-11-23 16:12:12 134466 [restartedMain] INFO  com.easybug.WebApplication - Starting WebApplication on DESKTOP-72AN4UO with PID 1468 (E:\IdeaProject\easyBug\web\target\classes started by tiger in E:\IdeaProject\easyBug) 
2018-11-23 16:12:12 134466 [restartedMain] INFO  com.easybug.WebApplication - No active profile set, falling back to default profiles: default 
2018-11-23 16:12:13 135229 [restartedMain] INFO  o.s.b.w.e.tomcat.TomcatWebServer - Tomcat initialized with port(s): 8080 (http) 
2018-11-23 16:12:13 135230 [restartedMain] INFO  o.a.coyote.http11.Http11NioProtocol - Initializing ProtocolHandler ["http-nio-8080"] 
2018-11-23 16:12:13 135231 [restartedMain] INFO  o.a.catalina.core.StandardService - Starting service [Tomcat] 
2018-11-23 16:12:13 135232 [restartedMain] INFO  o.a.catalina.core.StandardEngine - Starting Servlet Engine: Apache Tomcat/9.0.12 
2018-11-23 16:12:13 135282 [restartedMain] INFO  o.a.c.c.C.[Tomcat].[localhost].[/] - Initializing Spring embedded WebApplicationContext 
2018-11-23 16:12:13 135283 [restartedMain] INFO  o.s.web.context.ContextLoader - Root WebApplicationContext: initialization completed in 810 ms 
2018-11-23 16:12:13 135316 [restartedMain] INFO  o.s.b.w.s.ServletRegistrationBean - Servlet dispatcherServlet mapped to [/] 
2018-11-23 16:12:13 135316 [restartedMain] INFO  o.s.b.w.s.FilterRegistrationBean - Mapping filter: 'characterEncodingFilter' to: [/*] 
2018-11-23 16:12:13 135316 [restartedMain] INFO  o.s.b.w.s.FilterRegistrationBean - Mapping filter: 'hiddenHttpMethodFilter' to: [/*] 
2018-11-23 16:12:13 135317 [restartedMain] INFO  o.s.b.w.s.FilterRegistrationBean - Mapping filter: 'formContentFilter' to: [/*] 
2018-11-23 16:12:13 135317 [restartedMain] INFO  o.s.b.w.s.FilterRegistrationBean - Mapping filter: 'requestContextFilter' to: [/*] 
2018-11-23 16:12:14 1013 [restartedMain] INFO  com.easybug.WebApplication - Starting WebApplication on DESKTOP-72AN4UO with PID 11620 (E:\IdeaProject\easyBug\web\target\classes started by tiger in E:\IdeaProject\easyBug) 
2018-11-23 16:12:14 1015 [restartedMain] INFO  com.easybug.WebApplication - No active profile set, falling back to default profiles: default 
2018-11-23 16:12:14 135607 [restartedMain] INFO  o.s.s.c.ThreadPoolTaskExecutor - Initializing ExecutorService 'applicationTaskExecutor' 
2018-11-23 16:12:14 1094 [restartedMain] INFO  o.s.b.d.e.DevToolsPropertyDefaultsPostProcessor - Devtools property defaults active! Set 'spring.devtools.add-properties' to 'false' to disable 
2018-11-23 16:12:14 1095 [restartedMain] INFO  o.s.b.d.e.DevToolsPropertyDefaultsPostProcessor - For additional web related logging consider setting the 'logging.level.web' property to 'DEBUG' 
2018-11-23 16:12:14 135849 [restartedMain] INFO  o.s.b.d.a.OptionalLiveReloadServer - LiveReload server is running on port 35729 
2018-11-23 16:12:14 135937 [restartedMain] INFO  o.a.coyote.http11.Http11NioProtocol - Starting ProtocolHandler ["http-nio-8080"] 
2018-11-23 16:12:14 135940 [restartedMain] INFO  o.a.tomcat.util.net.NioSelectorPool - Using a shared selector for servlet write/read 
2018-11-23 16:12:14 135944 [restartedMain] INFO  o.s.b.w.e.tomcat.TomcatWebServer - Tomcat started on port(s): 8080 (http) with context path '' 
2018-11-23 16:12:14 135945 [restartedMain] INFO  com.easybug.WebApplication - Started WebApplication in 1.549 seconds (JVM running for 136.953) 
2018-11-23 16:12:14 136189 [restartedMain] INFO  o.s.b.d.a.ConditionEvaluationDeltaLoggingListener - Condition evaluation unchanged 
2018-11-23 16:12:17 4294 [restartedMain] INFO  o.s.b.w.e.tomcat.TomcatWebServer - Tomcat initialized with port(s): 8080 (http) 
2018-11-23 16:12:17 4306 [restartedMain] INFO  o.a.coyote.http11.Http11NioProtocol - Initializing ProtocolHandler ["http-nio-8080"] 
2018-11-23 16:12:17 4311 [restartedMain] INFO  o.a.catalina.core.StandardService - Starting service [Tomcat] 
2018-11-23 16:12:17 4312 [restartedMain] INFO  o.a.catalina.core.StandardEngine - Starting Servlet Engine: Apache Tomcat/9.0.12 
2018-11-23 16:12:17 4318 [restartedMain] INFO  o.a.c.core.AprLifecycleListener - The APR based Apache Tomcat Native library which allows optimal performance in production environments was not found on the java.library.path: [D:\Java\Jdk1.8\bin;C:\WINDOWS\Sun\Java\bin;C:\WINDOWS\system32;C:\WINDOWS;D:\Java\Jdk1.8\bin;C:\Program Files (x86)\Common Files\Oracle\Java\javapath;C:\Perl64\site\bin;C:\Perl64\bin;C:\WINDOWS\system32;C:\WINDOWS;C:\WINDOWS\System32\Wbem;C:\WINDOWS\System32\WindowsPowerShell\v1.0\;C:\Program Files\MySQL\MySQL Server 5.5\bin;D:\TortoiseGit\bin;C:\Program Files\TortoiseSVN\bin;D:\Putty\;C:\Users\tiger\AppData\Local\Microsoft\WindowsApps;;.] 
2018-11-23 16:12:17 4442 [restartedMain] INFO  o.a.c.c.C.[Tomcat].[localhost].[/] - Initializing Spring embedded WebApplicationContext 
2018-11-23 16:12:17 4442 [restartedMain] INFO  o.s.web.context.ContextLoader - Root WebApplicationContext: initialization completed in 3347 ms 
2018-11-23 16:12:17 4468 [restartedMain] INFO  o.s.b.w.s.ServletRegistrationBean - Servlet dispatcherServlet mapped to [/] 
2018-11-23 16:12:17 4472 [restartedMain] INFO  o.s.b.w.s.FilterRegistrationBean - Mapping filter: 'characterEncodingFilter' to: [/*] 
2018-11-23 16:12:17 4472 [restartedMain] INFO  o.s.b.w.s.FilterRegistrationBean - Mapping filter: 'hiddenHttpMethodFilter' to: [/*] 
2018-11-23 16:12:17 4473 [restartedMain] INFO  o.s.b.w.s.FilterRegistrationBean - Mapping filter: 'formContentFilter' to: [/*] 
2018-11-23 16:12:17 4473 [restartedMain] INFO  o.s.b.w.s.FilterRegistrationBean - Mapping filter: 'requestContextFilter' to: [/*] 
2018-11-23 16:12:17 4521 [MLog-Init-Reporter] INFO  com.mchange.v2.log.MLog - MLog clients using slf4j logging. 
2018-11-23 16:12:17 4553 [restartedMain] INFO  com.mchange.v2.c3p0.C3P0Registry - Initializing c3p0-0.9.5.2 [built 08-December-2015 22:06:04 -0800; debug? true; trace: 10] 
2018-11-23 16:12:18 5119 [restartedMain] INFO  o.s.s.c.ThreadPoolTaskExecutor - Initializing ExecutorService 'applicationTaskExecutor' 
2018-11-23 16:12:18 5387 [restartedMain] INFO  o.a.coyote.http11.Http11NioProtocol - Starting ProtocolHandler ["http-nio-8080"] 
2018-11-23 16:12:18 5397 [restartedMain] INFO  o.a.coyote.http11.Http11NioProtocol - Pausing ProtocolHandler ["http-nio-8080"] 
2018-11-23 16:12:18 5397 [restartedMain] INFO  o.a.catalina.core.StandardService - Stopping service [Tomcat] 
2018-11-23 16:12:18 5403 [restartedMain] INFO  o.a.catalina.util.LifecycleBase - The stop() method was called on component [StandardServer[-1]] after stop() had already been called. The second call will be ignored. 
2018-11-23 16:12:18 5404 [restartedMain] INFO  o.a.coyote.http11.Http11NioProtocol - Stopping ProtocolHandler ["http-nio-8080"] 
2018-11-23 16:12:18 5404 [restartedMain] INFO  o.a.coyote.http11.Http11NioProtocol - Destroying ProtocolHandler ["http-nio-8080"] 
2018-11-23 16:12:18 5406 [restartedMain] INFO  o.s.b.a.l.ConditionEvaluationReportLoggingListener - 

Error starting ApplicationContext. To display the conditions report re-run your application with 'debug' enabled. 
2018-11-23 16:12:18 5414 [restartedMain] INFO  o.s.s.c.ThreadPoolTaskExecutor - Shutting down ExecutorService 'applicationTaskExecutor' 
2018-11-23 16:15:08 1230 [restartedMain] INFO  com.easybug.WebApplication - Starting WebApplication on DESKTOP-72AN4UO with PID 3660 (E:\IdeaProject\easyBug\web\target\classes started by tiger in E:\IdeaProject\easyBug) 
2018-11-23 16:15:08 1233 [restartedMain] INFO  com.easybug.WebApplication - No active profile set, falling back to default profiles: default 
2018-11-23 16:15:08 1318 [restartedMain] INFO  o.s.b.d.e.DevToolsPropertyDefaultsPostProcessor - Devtools property defaults active! Set 'spring.devtools.add-properties' to 'false' to disable 
2018-11-23 16:15:08 1318 [restartedMain] INFO  o.s.b.d.e.DevToolsPropertyDefaultsPostProcessor - For additional web related logging consider setting the 'logging.level.web' property to 'DEBUG' 
2018-11-23 16:15:10 3686 [restartedMain] INFO  o.s.b.w.e.tomcat.TomcatWebServer - Tomcat initialized with port(s): 8080 (http) 
2018-11-23 16:15:10 3707 [restartedMain] INFO  o.a.coyote.http11.Http11NioProtocol - Initializing ProtocolHandler ["http-nio-8080"] 
2018-11-23 16:15:10 3717 [restartedMain] INFO  o.a.catalina.core.StandardService - Starting service [Tomcat] 
2018-11-23 16:15:10 3718 [restartedMain] INFO  o.a.catalina.core.StandardEngine - Starting Servlet Engine: Apache Tomcat/9.0.12 
2018-11-23 16:15:10 3729 [restartedMain] INFO  o.a.c.core.AprLifecycleListener - The APR based Apache Tomcat Native library which allows optimal performance in production environments was not found on the java.library.path: [D:\Java\Jdk1.8\bin;C:\WINDOWS\Sun\Java\bin;C:\WINDOWS\system32;C:\WINDOWS;D:\Java\Jdk1.8\bin;C:\Program Files (x86)\Common Files\Oracle\Java\javapath;C:\Perl64\site\bin;C:\Perl64\bin;C:\WINDOWS\system32;C:\WINDOWS;C:\WINDOWS\System32\Wbem;C:\WINDOWS\System32\WindowsPowerShell\v1.0\;C:\Program Files\MySQL\MySQL Server 5.5\bin;D:\TortoiseGit\bin;C:\Program Files\TortoiseSVN\bin;D:\Putty\;C:\Users\tiger\AppData\Local\Microsoft\WindowsApps;;.] 
2018-11-23 16:15:10 3885 [restartedMain] INFO  o.a.c.c.C.[Tomcat].[localhost].[/] - Initializing Spring embedded WebApplicationContext 
2018-11-23 16:15:10 3885 [restartedMain] INFO  o.s.web.context.ContextLoader - Root WebApplicationContext: initialization completed in 2566 ms 
2018-11-23 16:15:10 3931 [restartedMain] INFO  o.s.b.w.s.ServletRegistrationBean - Servlet dispatcherServlet mapped to [/] 
2018-11-23 16:15:10 3935 [restartedMain] INFO  o.s.b.w.s.FilterRegistrationBean - Mapping filter: 'characterEncodingFilter' to: [/*] 
2018-11-23 16:15:10 3936 [restartedMain] INFO  o.s.b.w.s.FilterRegistrationBean - Mapping filter: 'hiddenHttpMethodFilter' to: [/*] 
2018-11-23 16:15:10 3936 [restartedMain] INFO  o.s.b.w.s.FilterRegistrationBean - Mapping filter: 'formContentFilter' to: [/*] 
2018-11-23 16:15:10 3936 [restartedMain] INFO  o.s.b.w.s.FilterRegistrationBean - Mapping filter: 'requestContextFilter' to: [/*] 
2018-11-23 16:15:10 3978 [MLog-Init-Reporter] INFO  com.mchange.v2.log.MLog - MLog clients using slf4j logging. 
2018-11-23 16:15:10 4017 [restartedMain] INFO  com.mchange.v2.c3p0.C3P0Registry - Initializing c3p0-0.9.5.2 [built 08-December-2015 22:06:04 -0800; debug? true; trace: 10] 
2018-11-23 16:15:11 4545 [restartedMain] INFO  o.s.s.c.ThreadPoolTaskExecutor - Initializing ExecutorService 'applicationTaskExecutor' 
2018-11-23 16:15:11 4782 [restartedMain] INFO  o.s.b.d.a.OptionalLiveReloadServer - LiveReload server is running on port 35729 
2018-11-23 16:15:11 4813 [restartedMain] INFO  o.a.coyote.http11.Http11NioProtocol - Starting ProtocolHandler ["http-nio-8080"] 
2018-11-23 16:15:11 4823 [restartedMain] INFO  o.a.tomcat.util.net.NioSelectorPool - Using a shared selector for servlet write/read 
2018-11-23 16:15:11 4839 [restartedMain] INFO  o.s.b.w.e.tomcat.TomcatWebServer - Tomcat started on port(s): 8080 (http) with context path '' 
2018-11-23 16:15:11 4842 [restartedMain] INFO  com.easybug.WebApplication - Started WebApplication in 4.503 seconds (JVM running for 5.979) 
2018-11-23 16:15:17 10845 [http-nio-8080-exec-2] INFO  o.a.c.c.C.[Tomcat].[localhost].[/] - Initializing Spring DispatcherServlet 'dispatcherServlet' 
2018-11-23 16:15:17 10846 [http-nio-8080-exec-2] INFO  o.s.web.servlet.DispatcherServlet - Initializing Servlet 'dispatcherServlet' 
2018-11-23 16:15:17 10857 [http-nio-8080-exec-2] INFO  o.s.web.servlet.DispatcherServlet - Completed initialization in 11 ms 
2018-11-23 16:16:17 1097 [restartedMain] INFO  com.easybug.WebApplication - Starting WebApplication on DESKTOP-72AN4UO with PID 5184 (E:\IdeaProject\easyBug\web\target\classes started by tiger in E:\IdeaProject\easyBug) 
2018-11-23 16:16:17 1102 [restartedMain] INFO  com.easybug.WebApplication - No active profile set, falling back to default profiles: default 
2018-11-23 16:16:17 1187 [restartedMain] INFO  o.s.b.d.e.DevToolsPropertyDefaultsPostProcessor - Devtools property defaults active! Set 'spring.devtools.add-properties' to 'false' to disable 
2018-11-23 16:16:17 1187 [restartedMain] INFO  o.s.b.d.e.DevToolsPropertyDefaultsPostProcessor - For additional web related logging consider setting the 'logging.level.web' property to 'DEBUG' 
2018-11-23 16:16:19 3227 [restartedMain] INFO  o.s.b.w.e.tomcat.TomcatWebServer - Tomcat initialized with port(s): 8080 (http) 
2018-11-23 16:16:19 3242 [restartedMain] INFO  o.a.coyote.http11.Http11NioProtocol - Initializing ProtocolHandler ["http-nio-8080"] 
2018-11-23 16:16:19 3250 [restartedMain] INFO  o.a.catalina.core.StandardService - Starting service [Tomcat] 
2018-11-23 16:16:19 3250 [restartedMain] INFO  o.a.catalina.core.StandardEngine - Starting Servlet Engine: Apache Tomcat/9.0.12 
2018-11-23 16:16:19 3259 [restartedMain] INFO  o.a.c.core.AprLifecycleListener - The APR based Apache Tomcat Native library which allows optimal performance in production environments was not found on the java.library.path: [D:\Java\Jdk1.8\bin;C:\WINDOWS\Sun\Java\bin;C:\WINDOWS\system32;C:\WINDOWS;D:\Java\Jdk1.8\bin;C:\Program Files (x86)\Common Files\Oracle\Java\javapath;C:\Perl64\site\bin;C:\Perl64\bin;C:\WINDOWS\system32;C:\WINDOWS;C:\WINDOWS\System32\Wbem;C:\WINDOWS\System32\WindowsPowerShell\v1.0\;C:\Program Files\MySQL\MySQL Server 5.5\bin;D:\TortoiseGit\bin;C:\Program Files\TortoiseSVN\bin;D:\Putty\;C:\Users\tiger\AppData\Local\Microsoft\WindowsApps;;.] 
2018-11-23 16:16:19 3443 [restartedMain] INFO  o.a.c.c.C.[Tomcat].[localhost].[/] - Initializing Spring embedded WebApplicationContext 
2018-11-23 16:16:19 3444 [restartedMain] INFO  o.s.web.context.ContextLoader - Root WebApplicationContext: initialization completed in 2257 ms 
2018-11-23 16:16:19 3479 [restartedMain] INFO  o.s.b.w.s.ServletRegistrationBean - Servlet dispatcherServlet mapped to [/] 
2018-11-23 16:16:19 3485 [restartedMain] INFO  o.s.b.w.s.FilterRegistrationBean - Mapping filter: 'characterEncodingFilter' to: [/*] 
2018-11-23 16:16:19 3486 [restartedMain] INFO  o.s.b.w.s.FilterRegistrationBean - Mapping filter: 'hiddenHttpMethodFilter' to: [/*] 
2018-11-23 16:16:19 3486 [restartedMain] INFO  o.s.b.w.s.FilterRegistrationBean - Mapping filter: 'formContentFilter' to: [/*] 
2018-11-23 16:16:19 3486 [restartedMain] INFO  o.s.b.w.s.FilterRegistrationBean - Mapping filter: 'requestContextFilter' to: [/*] 
2018-11-23 16:16:19 3553 [MLog-Init-Reporter] INFO  com.mchange.v2.log.MLog - MLog clients using slf4j logging. 
2018-11-23 16:16:19 3604 [restartedMain] INFO  com.mchange.v2.c3p0.C3P0Registry - Initializing c3p0-0.9.5.2 [built 08-December-2015 22:06:04 -0800; debug? true; trace: 10] 
2018-11-23 16:16:20 4247 [restartedMain] INFO  o.s.s.c.ThreadPoolTaskExecutor - Initializing ExecutorService 'applicationTaskExecutor' 
2018-11-23 16:16:20 4558 [restartedMain] INFO  o.s.b.d.a.OptionalLiveReloadServer - LiveReload server is running on port 35729 
2018-11-23 16:16:20 4594 [restartedMain] INFO  o.a.coyote.http11.Http11NioProtocol - Starting ProtocolHandler ["http-nio-8080"] 
2018-11-23 16:16:20 4607 [restartedMain] INFO  o.a.tomcat.util.net.NioSelectorPool - Using a shared selector for servlet write/read 
2018-11-23 16:16:20 4630 [restartedMain] INFO  o.s.b.w.e.tomcat.TomcatWebServer - Tomcat started on port(s): 8080 (http) with context path '' 
2018-11-23 16:16:20 4647 [restartedMain] INFO  com.easybug.WebApplication - Started WebApplication in 4.233 seconds (JVM running for 8.435) 
2018-11-23 16:17:22 66374 [http-nio-8080-exec-1] INFO  o.a.c.c.C.[Tomcat].[localhost].[/] - Initializing Spring DispatcherServlet 'dispatcherServlet' 
2018-11-23 16:17:22 66375 [http-nio-8080-exec-1] INFO  o.s.web.servlet.DispatcherServlet - Initializing Servlet 'dispatcherServlet' 
2018-11-23 16:17:22 66384 [http-nio-8080-exec-1] INFO  o.s.web.servlet.DispatcherServlet - Completed initialization in 9 ms 
2018-11-23 16:18:08 1340 [restartedMain] INFO  com.easybug.WebApplication - Starting WebApplication on DESKTOP-72AN4UO with PID 7944 (E:\IdeaProject\easyBug\web\target\classes started by tiger in E:\IdeaProject\easyBug) 
2018-11-23 16:18:08 1344 [restartedMain] INFO  com.easybug.WebApplication - No active profile set, falling back to default profiles: default 
2018-11-23 16:18:08 1472 [restartedMain] INFO  o.s.b.d.e.DevToolsPropertyDefaultsPostProcessor - Devtools property defaults active! Set 'spring.devtools.add-properties' to 'false' to disable 
2018-11-23 16:18:08 1472 [restartedMain] INFO  o.s.b.d.e.DevToolsPropertyDefaultsPostProcessor - For additional web related logging consider setting the 'logging.level.web' property to 'DEBUG' 
2018-11-23 16:18:10 3447 [restartedMain] INFO  o.s.b.w.e.tomcat.TomcatWebServer - Tomcat initialized with port(s): 8080 (http) 
2018-11-23 16:18:10 3459 [restartedMain] INFO  o.a.coyote.http11.Http11NioProtocol - Initializing ProtocolHandler ["http-nio-8080"] 
2018-11-23 16:18:10 3465 [restartedMain] INFO  o.a.catalina.core.StandardService - Starting service [Tomcat] 
2018-11-23 16:18:10 3465 [restartedMain] INFO  o.a.catalina.core.StandardEngine - Starting Servlet Engine: Apache Tomcat/9.0.12 
2018-11-23 16:18:10 3473 [restartedMain] INFO  o.a.c.core.AprLifecycleListener - The APR based Apache Tomcat Native library which allows optimal performance in production environments was not found on the java.library.path: [D:\Java\Jdk1.8\bin;C:\WINDOWS\Sun\Java\bin;C:\WINDOWS\system32;C:\WINDOWS;D:\Java\Jdk1.8\bin;C:\Program Files (x86)\Common Files\Oracle\Java\javapath;C:\Perl64\site\bin;C:\Perl64\bin;C:\WINDOWS\system32;C:\WINDOWS;C:\WINDOWS\System32\Wbem;C:\WINDOWS\System32\WindowsPowerShell\v1.0\;C:\Program Files\MySQL\MySQL Server 5.5\bin;D:\TortoiseGit\bin;C:\Program Files\TortoiseSVN\bin;D:\Putty\;C:\Users\tiger\AppData\Local\Microsoft\WindowsApps;;.] 
2018-11-23 16:18:10 3597 [restartedMain] INFO  o.a.c.c.C.[Tomcat].[localhost].[/] - Initializing Spring embedded WebApplicationContext 
2018-11-23 16:18:10 3597 [restartedMain] INFO  o.s.web.context.ContextLoader - Root WebApplicationContext: initialization completed in 2125 ms 
2018-11-23 16:18:10 3624 [restartedMain] INFO  o.s.b.w.s.ServletRegistrationBean - Servlet dispatcherServlet mapped to [/] 
2018-11-23 16:18:10 3629 [restartedMain] INFO  o.s.b.w.s.FilterRegistrationBean - Mapping filter: 'characterEncodingFilter' to: [/*] 
2018-11-23 16:18:10 3629 [restartedMain] INFO  o.s.b.w.s.FilterRegistrationBean - Mapping filter: 'hiddenHttpMethodFilter' to: [/*] 
2018-11-23 16:18:10 3629 [restartedMain] INFO  o.s.b.w.s.FilterRegistrationBean - Mapping filter: 'formContentFilter' to: [/*] 
2018-11-23 16:18:10 3629 [restartedMain] INFO  o.s.b.w.s.FilterRegistrationBean - Mapping filter: 'requestContextFilter' to: [/*] 
2018-11-23 16:18:10 3677 [MLog-Init-Reporter] INFO  com.mchange.v2.log.MLog - MLog clients using slf4j logging. 
2018-11-23 16:18:10 3716 [restartedMain] INFO  com.mchange.v2.c3p0.C3P0Registry - Initializing c3p0-0.9.5.2 [built 08-December-2015 22:06:04 -0800; debug? true; trace: 10] 
2018-11-23 16:18:10 4245 [restartedMain] INFO  o.s.s.c.ThreadPoolTaskExecutor - Initializing ExecutorService 'applicationTaskExecutor' 
2018-11-23 16:18:11 4552 [restartedMain] INFO  o.a.coyote.http11.Http11NioProtocol - Starting ProtocolHandler ["http-nio-8080"] 
2018-11-23 16:18:11 4563 [restartedMain] INFO  o.a.coyote.http11.Http11NioProtocol - Pausing ProtocolHandler ["http-nio-8080"] 
2018-11-23 16:18:11 4564 [restartedMain] INFO  o.a.catalina.core.StandardService - Stopping service [Tomcat] 
2018-11-23 16:18:11 4572 [restartedMain] INFO  o.a.catalina.util.LifecycleBase - The stop() method was called on component [StandardServer[-1]] after stop() had already been called. The second call will be ignored. 
2018-11-23 16:18:11 4572 [restartedMain] INFO  o.a.coyote.http11.Http11NioProtocol - Stopping ProtocolHandler ["http-nio-8080"] 
2018-11-23 16:18:11 4572 [restartedMain] INFO  o.a.coyote.http11.Http11NioProtocol - Destroying ProtocolHandler ["http-nio-8080"] 
2018-11-23 16:18:11 4575 [restartedMain] INFO  o.s.b.a.l.ConditionEvaluationReportLoggingListener - 

Error starting ApplicationContext. To display the conditions report re-run your application with 'debug' enabled. 
2018-11-23 16:18:11 4583 [restartedMain] INFO  o.s.s.c.ThreadPoolTaskExecutor - Shutting down ExecutorService 'applicationTaskExecutor' 
2018-11-23 16:18:50 1237 [restartedMain] INFO  com.easybug.WebApplication - Starting WebApplication on DESKTOP-72AN4UO with PID 4732 (E:\IdeaProject\easyBug\web\target\classes started by tiger in E:\IdeaProject\easyBug) 
2018-11-23 16:18:50 1246 [restartedMain] INFO  com.easybug.WebApplication - No active profile set, falling back to default profiles: default 
2018-11-23 16:18:50 1354 [restartedMain] INFO  o.s.b.d.e.DevToolsPropertyDefaultsPostProcessor - Devtools property defaults active! Set 'spring.devtools.add-properties' to 'false' to disable 
2018-11-23 16:18:50 1355 [restartedMain] INFO  o.s.b.d.e.DevToolsPropertyDefaultsPostProcessor - For additional web related logging consider setting the 'logging.level.web' property to 'DEBUG' 
2018-11-23 16:18:52 3678 [restartedMain] INFO  o.s.b.w.e.tomcat.TomcatWebServer - Tomcat initialized with port(s): 8080 (http) 
2018-11-23 16:18:52 3690 [restartedMain] INFO  o.a.coyote.http11.Http11NioProtocol - Initializing ProtocolHandler ["http-nio-8080"] 
2018-11-23 16:18:52 3695 [restartedMain] INFO  o.a.catalina.core.StandardService - Starting service [Tomcat] 
2018-11-23 16:18:52 3695 [restartedMain] INFO  o.a.catalina.core.StandardEngine - Starting Servlet Engine: Apache Tomcat/9.0.12 
2018-11-23 16:18:52 3703 [restartedMain] INFO  o.a.c.core.AprLifecycleListener - The APR based Apache Tomcat Native library which allows optimal performance in production environments was not found on the java.library.path: [D:\Java\Jdk1.8\bin;C:\WINDOWS\Sun\Java\bin;C:\WINDOWS\system32;C:\WINDOWS;D:\Java\Jdk1.8\bin;C:\Program Files (x86)\Common Files\Oracle\Java\javapath;C:\Perl64\site\bin;C:\Perl64\bin;C:\WINDOWS\system32;C:\WINDOWS;C:\WINDOWS\System32\Wbem;C:\WINDOWS\System32\WindowsPowerShell\v1.0\;C:\Program Files\MySQL\MySQL Server 5.5\bin;D:\TortoiseGit\bin;C:\Program Files\TortoiseSVN\bin;D:\Putty\;C:\Users\tiger\AppData\Local\Microsoft\WindowsApps;;.] 
2018-11-23 16:18:52 3841 [restartedMain] INFO  o.a.c.c.C.[Tomcat].[localhost].[/] - Initializing Spring embedded WebApplicationContext 
2018-11-23 16:18:52 3841 [restartedMain] INFO  o.s.web.context.ContextLoader - Root WebApplicationContext: initialization completed in 2486 ms 
2018-11-23 16:18:52 3865 [restartedMain] INFO  o.s.b.w.s.ServletRegistrationBean - Servlet dispatcherServlet mapped to [/] 
2018-11-23 16:18:52 3870 [restartedMain] INFO  o.s.b.w.s.FilterRegistrationBean - Mapping filter: 'characterEncodingFilter' to: [/*] 
2018-11-23 16:18:52 3870 [restartedMain] INFO  o.s.b.w.s.FilterRegistrationBean - Mapping filter: 'hiddenHttpMethodFilter' to: [/*] 
2018-11-23 16:18:52 3870 [restartedMain] INFO  o.s.b.w.s.FilterRegistrationBean - Mapping filter: 'formContentFilter' to: [/*] 
2018-11-23 16:18:52 3870 [restartedMain] INFO  o.s.b.w.s.FilterRegistrationBean - Mapping filter: 'requestContextFilter' to: [/*] 
2018-11-23 16:18:52 3923 [MLog-Init-Reporter] INFO  com.mchange.v2.log.MLog - MLog clients using slf4j logging. 
2018-11-23 16:18:52 3958 [restartedMain] INFO  com.mchange.v2.c3p0.C3P0Registry - Initializing c3p0-0.9.5.2 [built 08-December-2015 22:06:04 -0800; debug? true; trace: 10] 
2018-11-23 16:18:53 4441 [restartedMain] INFO  o.s.s.c.ThreadPoolTaskExecutor - Initializing ExecutorService 'applicationTaskExecutor' 
2018-11-23 16:18:53 4673 [restartedMain] INFO  o.s.b.d.a.OptionalLiveReloadServer - LiveReload server is running on port 35729 
2018-11-23 16:18:53 4703 [restartedMain] INFO  o.a.coyote.http11.Http11NioProtocol - Starting ProtocolHandler ["http-nio-8080"] 
2018-11-23 16:18:53 4713 [restartedMain] INFO  o.a.tomcat.util.net.NioSelectorPool - Using a shared selector for servlet write/read 
2018-11-23 16:18:53 4730 [restartedMain] INFO  o.s.b.w.e.tomcat.TomcatWebServer - Tomcat started on port(s): 8080 (http) with context path '' 
2018-11-23 16:18:53 4733 [restartedMain] INFO  com.easybug.WebApplication - Started WebApplication in 4.37 seconds (JVM running for 6.068) 
2018-11-23 16:18:57 8169 [http-nio-8080-exec-1] INFO  o.a.c.c.C.[Tomcat].[localhost].[/] - Initializing Spring DispatcherServlet 'dispatcherServlet' 
2018-11-23 16:18:57 8169 [http-nio-8080-exec-1] INFO  o.s.web.servlet.DispatcherServlet - Initializing Servlet 'dispatcherServlet' 
2018-11-23 16:18:57 8178 [http-nio-8080-exec-1] INFO  o.s.web.servlet.DispatcherServlet - Completed initialization in 9 ms 
2018-11-23 16:23:11 1143 [restartedMain] INFO  com.easybug.WebApplication - Starting WebApplication on DESKTOP-72AN4UO with PID 3164 (E:\IdeaProject\easyBug\web\target\classes started by tiger in E:\IdeaProject\easyBug) 
2018-11-23 16:23:11 1152 [restartedMain] INFO  com.easybug.WebApplication - No active profile set, falling back to default profiles: default 
2018-11-23 16:23:11 1243 [restartedMain] INFO  o.s.b.d.e.DevToolsPropertyDefaultsPostProcessor - Devtools property defaults active! Set 'spring.devtools.add-properties' to 'false' to disable 
2018-11-23 16:23:11 1243 [restartedMain] INFO  o.s.b.d.e.DevToolsPropertyDefaultsPostProcessor - For additional web related logging consider setting the 'logging.level.web' property to 'DEBUG' 
2018-11-23 16:23:13 3498 [restartedMain] INFO  o.s.b.w.e.tomcat.TomcatWebServer - Tomcat initialized with port(s): 8080 (http) 
2018-11-23 16:23:13 3509 [restartedMain] INFO  o.a.coyote.http11.Http11NioProtocol - Initializing ProtocolHandler ["http-nio-8080"] 
2018-11-23 16:23:13 3514 [restartedMain] INFO  o.a.catalina.core.StandardService - Starting service [Tomcat] 
2018-11-23 16:23:13 3514 [restartedMain] INFO  o.a.catalina.core.StandardEngine - Starting Servlet Engine: Apache Tomcat/9.0.12 
2018-11-23 16:23:14 3521 [restartedMain] INFO  o.a.c.core.AprLifecycleListener - The APR based Apache Tomcat Native library which allows optimal performance in production environments was not found on the java.library.path: [D:\Java\Jdk1.8\bin;C:\WINDOWS\Sun\Java\bin;C:\WINDOWS\system32;C:\WINDOWS;D:\Java\Jdk1.8\bin;C:\Program Files (x86)\Common Files\Oracle\Java\javapath;C:\Perl64\site\bin;C:\Perl64\bin;C:\WINDOWS\system32;C:\WINDOWS;C:\WINDOWS\System32\Wbem;C:\WINDOWS\System32\WindowsPowerShell\v1.0\;C:\Program Files\MySQL\MySQL Server 5.5\bin;D:\TortoiseGit\bin;C:\Program Files\TortoiseSVN\bin;D:\Putty\;C:\Users\tiger\AppData\Local\Microsoft\WindowsApps;;.] 
2018-11-23 16:23:14 3635 [restartedMain] INFO  o.a.c.c.C.[Tomcat].[localhost].[/] - Initializing Spring embedded WebApplicationContext 
2018-11-23 16:23:14 3635 [restartedMain] INFO  o.s.web.context.ContextLoader - Root WebApplicationContext: initialization completed in 2392 ms 
2018-11-23 16:23:14 3653 [restartedMain] INFO  o.s.b.w.s.ServletRegistrationBean - Servlet dispatcherServlet mapped to [/] 
2018-11-23 16:23:14 3658 [restartedMain] INFO  o.s.b.w.s.FilterRegistrationBean - Mapping filter: 'characterEncodingFilter' to: [/*] 
2018-11-23 16:23:14 3703 [MLog-Init-Reporter] INFO  com.mchange.v2.log.MLog - MLog clients using slf4j logging. 
2018-11-23 16:23:14 3739 [restartedMain] INFO  com.mchange.v2.c3p0.C3P0Registry - Initializing c3p0-0.9.5.2 [built 08-December-2015 22:06:04 -0800; debug? true; trace: 10] 
2018-11-23 16:23:14 4004 [restartedMain] INFO  o.s.s.c.ThreadPoolTaskScheduler - Initializing ExecutorService 'defaultSockJsTaskScheduler' 
2018-11-23 16:23:14 4515 [restartedMain] INFO  o.s.b.d.a.OptionalLiveReloadServer - LiveReload server is running on port 35729 
2018-11-23 16:23:15 4546 [restartedMain] INFO  o.a.coyote.http11.Http11NioProtocol - Starting ProtocolHandler ["http-nio-8080"] 
2018-11-23 16:23:15 4556 [restartedMain] INFO  o.a.tomcat.util.net.NioSelectorPool - Using a shared selector for servlet write/read 
2018-11-23 16:23:15 4573 [restartedMain] INFO  o.s.b.w.e.tomcat.TomcatWebServer - Tomcat started on port(s): 8080 (http) with context path '' 
2018-11-23 16:23:15 4577 [restartedMain] INFO  com.easybug.WebApplication - Started WebApplication in 4.276 seconds (JVM running for 5.668) 
2018-11-23 16:23:21 10625 [http-nio-8080-exec-1] INFO  o.a.c.c.C.[Tomcat].[localhost].[/] - Initializing Spring DispatcherServlet 'dispatcherServlet' 
2018-11-23 16:23:21 10625 [http-nio-8080-exec-1] INFO  o.s.web.servlet.DispatcherServlet - Initializing Servlet 'dispatcherServlet' 
2018-11-23 16:23:21 10632 [http-nio-8080-exec-1] INFO  o.s.web.servlet.DispatcherServlet - Completed initialization in 7 ms 
2018-11-23 17:36:19 1033 [restartedMain] INFO  com.easybug.WebApplication - Starting WebApplication on DESKTOP-72AN4UO with PID 9468 (E:\IdeaProject\easyBug\web\target\classes started by tiger in E:\IdeaProject\easyBug) 
2018-11-23 17:36:19 1038 [restartedMain] INFO  com.easybug.WebApplication - No active profile set, falling back to default profiles: default 
2018-11-23 17:36:19 1157 [restartedMain] INFO  o.s.b.d.e.DevToolsPropertyDefaultsPostProcessor - Devtools property defaults active! Set 'spring.devtools.add-properties' to 'false' to disable 
2018-11-23 17:36:19 1158 [restartedMain] INFO  o.s.b.d.e.DevToolsPropertyDefaultsPostProcessor - For additional web related logging consider setting the 'logging.level.web' property to 'DEBUG' 
2018-11-23 17:36:21 3297 [restartedMain] INFO  o.s.b.w.e.tomcat.TomcatWebServer - Tomcat initialized with port(s): 8080 (http) 
2018-11-23 17:36:21 3308 [restartedMain] INFO  o.a.coyote.http11.Http11NioProtocol - Initializing ProtocolHandler ["http-nio-8080"] 
2018-11-23 17:36:21 3314 [restartedMain] INFO  o.a.catalina.core.StandardService - Starting service [Tomcat] 
2018-11-23 17:36:21 3314 [restartedMain] INFO  o.a.catalina.core.StandardEngine - Starting Servlet Engine: Apache Tomcat/9.0.12 
2018-11-23 17:36:21 3321 [restartedMain] INFO  o.a.c.core.AprLifecycleListener - The APR based Apache Tomcat Native library which allows optimal performance in production environments was not found on the java.library.path: [D:\Java\Jdk1.8\bin;C:\WINDOWS\Sun\Java\bin;C:\WINDOWS\system32;C:\WINDOWS;D:\Java\Jdk1.8\bin;C:\Program Files (x86)\Common Files\Oracle\Java\javapath;C:\Perl64\site\bin;C:\Perl64\bin;C:\WINDOWS\system32;C:\WINDOWS;C:\WINDOWS\System32\Wbem;C:\WINDOWS\System32\WindowsPowerShell\v1.0\;C:\Program Files\MySQL\MySQL Server 5.5\bin;D:\TortoiseGit\bin;C:\Program Files\TortoiseSVN\bin;D:\Putty\;C:\Users\tiger\AppData\Local\Microsoft\WindowsApps;;.] 
2018-11-23 17:36:21 3435 [restartedMain] INFO  o.a.c.c.C.[Tomcat].[localhost].[/] - Initializing Spring embedded WebApplicationContext 
2018-11-23 17:36:21 3435 [restartedMain] INFO  o.s.web.context.ContextLoader - Root WebApplicationContext: initialization completed in 2277 ms 
2018-11-23 17:36:21 3454 [restartedMain] INFO  o.s.b.w.s.ServletRegistrationBean - Servlet dispatcherServlet mapped to [/] 
2018-11-23 17:36:21 3460 [restartedMain] INFO  o.s.b.w.s.FilterRegistrationBean - Mapping filter: 'characterEncodingFilter' to: [/*] 
2018-11-23 17:36:21 3511 [MLog-Init-Reporter] INFO  com.mchange.v2.log.MLog - MLog clients using slf4j logging. 
2018-11-23 17:36:21 3549 [restartedMain] INFO  com.mchange.v2.c3p0.C3P0Registry - Initializing c3p0-0.9.5.2 [built 08-December-2015 22:06:04 -0800; debug? true; trace: 10] 
2018-11-23 17:36:21 3775 [restartedMain] INFO  o.s.s.c.ThreadPoolTaskScheduler - Initializing ExecutorService 'defaultSockJsTaskScheduler' 
2018-11-23 17:36:22 4292 [restartedMain] INFO  o.s.b.d.a.OptionalLiveReloadServer - LiveReload server is running on port 35729 
2018-11-23 17:36:22 4323 [restartedMain] INFO  o.a.coyote.http11.Http11NioProtocol - Starting ProtocolHandler ["http-nio-8080"] 
2018-11-23 17:36:22 4334 [restartedMain] INFO  o.a.tomcat.util.net.NioSelectorPool - Using a shared selector for servlet write/read 
2018-11-23 17:36:22 4353 [restartedMain] INFO  o.s.b.w.e.tomcat.TomcatWebServer - Tomcat started on port(s): 8080 (http) with context path '' 
2018-11-23 17:36:22 4357 [restartedMain] INFO  com.easybug.WebApplication - Started WebApplication in 4.086 seconds (JVM running for 5.444) 
2018-11-23 17:37:09 51837 [http-nio-8080-exec-2] INFO  o.a.c.c.C.[Tomcat].[localhost].[/] - Initializing Spring DispatcherServlet 'dispatcherServlet' 
2018-11-23 17:37:09 51838 [http-nio-8080-exec-2] INFO  o.s.web.servlet.DispatcherServlet - Initializing Servlet 'dispatcherServlet' 
2018-11-23 17:37:09 51851 [http-nio-8080-exec-2] INFO  o.s.web.servlet.DispatcherServlet - Completed initialization in 12 ms 
